 File has been used for this event: Troop user template - Sheet1.csv
 Type of the imported file: csv
 Revision of the which is used: 1
 Mode of event: Update
 Total no of records: 3
 Rows handled on each iterations (Based on your server configuration): 1
 File used to import data into: users (Users)
[2019-11-20 20:58:31] Message: Updated User ID: 8 Email: newuser@test.com Role: subscriber  Click here to verify -  User Profile  
[2019-11-20 20:58:33] Message: Updated User ID: 11 Email: new_user2@test.com Role: subscriber  Click here to verify -  User Profile  
[2019-11-20 20:58:35] Message: Skipped, Due to duplicate User found with same email!. 
 File has been used for this event: Troop user template - Sheet1.csv
 Type of the imported file: csv
 Revision of the which is used: 1
 Mode of event: Update
 Total no of records: 3
 Rows handled on each iterations (Based on your server configuration): 1
 File used to import data into: users (Users)
[2019-11-21 01:56:38] Message: Updated User ID: 8 Email: newuser@test.com Role: subscriber  Click here to verify -  User Profile  
[2019-11-21 01:56:40] Message: Updated User ID: 11 Email: new_user2@test.com Role: subscriber  Click here to verify -  User Profile  
[2019-11-21 01:56:42] Message: Skipped, Due to duplicate User found with same email!. 
