 File has been used for this event: Canadian charities - toronto (M6R).csv
 Type of the imported file: csv
 Revision of the which is used: 3
 Mode of event: Update
 Total no of records: 66
 Rows handled on each iterations (Based on your server configuration): 1
 File used to import data into: charity (CustomPosts)
[2019-09-02 18:46:54] Message: Updated charity ID: 83085,  Status: publish city: Toronto province: ON neighbourhood: Parkdale  Click here to verify - Web View | Admin View 
[2019-09-02 18:46:55] Message: Updated charity ID: 83146,  Status: publish city: Toronto province: ON neighbourhood: Parkdale  Click here to verify - Web View | Admin View 
[2019-09-02 18:46:56] Message: Updated charity ID: 83147,  Status: publish city: Toronto province: ON neighbourhood: Parkdale  Click here to verify - Web View | Admin View 
[2019-09-02 18:46:57] Message: Updated charity ID: 83148,  Status: publish city: Toronto province: ON neighbourhood: Parkdale  Click here to verify - Web View | Admin View 
[2019-09-02 18:46:58] Message: Updated charity ID: 83149,  Status: publish city: Toronto province: ON neighbourhood: Parkdale  Click here to verify - Web View | Admin View 
[2019-09-02 18:47:00] Message: Updated charity ID: 82694,  Status: publish city: Toronto province: ON neighbourhood: Parkdale  Click here to verify - Web View | Admin View 
[2019-09-02 18:47:01] Message: Updated charity ID: 83150,  Status: publish city: Toronto province: ON neighbourhood: Parkdale  Click here to verify - Web View | Admin View 
[2019-09-02 18:47:02] Message: Updated charity ID: 83151,  Status: publish city: Toronto province: ON neighbourhood: Parkdale  Click here to verify - Web View | Admin View 
[2019-09-02 18:47:03] Message: Updated charity ID: 83152,  Status: publish city: Toronto province: ON neighbourhood: Parkdale  Click here to verify - Web View | Admin View 
[2019-09-02 18:47:04] Message: Updated charity ID: 83153,  Status: publish city: Toronto province: ON neighbourhood: Parkdale  Click here to verify - Web View | Admin View 
[2019-09-02 18:47:06] Message: Updated charity ID: 83154,  Status: publish city: Toronto province: ON neighbourhood: Parkdale  Click here to verify - Web View | Admin View 
[2019-09-02 18:47:07] Message: Updated charity ID: 83155,  Status: publish city: Toronto province: ON neighbourhood: Parkdale  Click here to verify - Web View | Admin View 
[2019-09-02 18:47:08] Message: Updated charity ID: 83156,  Status: publish city: Toronto province: ON neighbourhood: Parkdale  Click here to verify - Web View | Admin View 
[2019-09-02 18:47:10] Message: Updated charity ID: 83157,  Status: publish city: Toronto province: ON neighbourhood: Parkdale  Click here to verify - Web View | Admin View 
[2019-09-02 18:47:11] Message: Updated charity ID: 83158,  Status: publish city: Toronto province: ON neighbourhood: Parkdale  Click here to verify - Web View | Admin View 
[2019-09-02 18:47:12] Message: Updated charity ID: 83159,  Status: publish city: Toronto province: ON neighbourhood: Parkdale  Click here to verify - Web View | Admin View 
[2019-09-02 18:47:13] Message: Updated charity ID: 83160,  Status: publish city: Toronto province: ON neighbourhood: Parkdale  Click here to verify - Web View | Admin View 
[2019-09-02 18:47:14] Message: Updated charity ID: 83161,  Status: publish city: Toronto province: ON neighbourhood: Parkdale  Click here to verify - Web View | Admin View 
[2019-09-02 18:47:15] Message: Updated charity ID: 83162,  Status: publish city: Toronto province: ON neighbourhood: Parkdale  Click here to verify - Web View | Admin View 
[2019-09-02 18:47:17] Message: Updated charity ID: 83163,  Status: publish city: Toronto province: ON neighbourhood: Parkdale  Click here to verify - Web View | Admin View 
[2019-09-02 18:47:18] Message: Updated charity ID: 83164,  Status: publish city: Toronto province: ON neighbourhood: Parkdale  Click here to verify - Web View | Admin View 
[2019-09-02 18:47:19] Message: Updated charity ID: 83165,  Status: publish city: Toronto province: ON neighbourhood: Parkdale  Click here to verify - Web View | Admin View 
[2019-09-02 18:47:20] Message: Updated charity ID: 83166,  Status: publish city: Toronto province: ON neighbourhood: Parkdale  Click here to verify - Web View | Admin View 
[2019-09-02 18:47:21] Message: Updated charity ID: 83167,  Status: publish city: Toronto province: ON neighbourhood: Parkdale  Click here to verify - Web View | Admin View 
[2019-09-02 18:47:23] Message: Updated charity ID: 83168,  Status: publish city: Toronto province: ON neighbourhood: Parkdale  Click here to verify - Web View | Admin View 
[2019-09-02 18:47:24] Message: Updated charity ID: 83169,  Status: publish city: Toronto province: ON neighbourhood: Parkdale  Click here to verify - Web View | Admin View 
[2019-09-02 18:47:25] Message: Updated charity ID: 83170,  Status: publish city: Toronto province: ON neighbourhood: Parkdale  Click here to verify - Web View | Admin View 
[2019-09-02 18:47:26] Message: Updated charity ID: 83171,  Status: publish city: Toronto province: ON neighbourhood: Parkdale  Click here to verify - Web View | Admin View 
[2019-09-02 18:47:27] Message: Updated charity ID: 83172,  Status: publish city: Toronto province: ON neighbourhood: Parkdale  Click here to verify - Web View | Admin View 
[2019-09-02 18:47:28] Message: Updated charity ID: 83173,  Status: publish city: Toronto province: ON neighbourhood: Parkdale  Click here to verify - Web View | Admin View 
[2019-09-02 18:47:30] Message: Updated charity ID: 83174,  Status: publish city: Toronto province: ON neighbourhood: Parkdale  Click here to verify - Web View | Admin View 
[2019-09-02 18:47:31] Message: Updated charity ID: 83175,  Status: publish city: Toronto province: ON neighbourhood: Parkdale  Click here to verify - Web View | Admin View 
[2019-09-02 18:47:32] Message: Updated charity ID: 82817,  Status: publish city: Toronto province: ON neighbourhood: Parkdale  Click here to verify - Web View | Admin View 
[2019-09-02 18:47:33] Message: Updated charity ID: 83176,  Status: publish city: Toronto province: ON neighbourhood: Parkdale  Click here to verify - Web View | Admin View 
[2019-09-02 18:47:34] Message: Updated charity ID: 83177,  Status: publish city: Toronto province: ON neighbourhood: Parkdale  Click here to verify - Web View | Admin View 
[2019-09-02 18:47:36] Message: Updated charity ID: 83178,  Status: publish city: Toronto province: ON neighbourhood: Parkdale  Click here to verify - Web View | Admin View 
[2019-09-02 18:47:37] Message: Updated charity ID: 83179,  Status: publish city: Toronto province: ON neighbourhood: Parkdale  Click here to verify - Web View | Admin View 
[2019-09-02 18:47:38] Message: Updated charity ID: 83180,  Status: publish city: Toronto province: ON neighbourhood: Parkdale  Click here to verify - Web View | Admin View 
[2019-09-02 18:47:39] Message: Updated charity ID: 83181,  Status: publish city: Toronto province: ON neighbourhood: Parkdale  Click here to verify - Web View | Admin View 
[2019-09-02 18:47:40] Message: Updated charity ID: 83182,  Status: publish city: Toronto province: ON neighbourhood: Parkdale  Click here to verify - Web View | Admin View 
[2019-09-02 18:47:41] Message: Updated charity ID: 83183,  Status: publish city: Toronto province: ON neighbourhood: Parkdale  Click here to verify - Web View | Admin View 
[2019-09-02 18:47:42] Message: Updated charity ID: 83184,  Status: publish city: Toronto province: ON neighbourhood: Parkdale  Click here to verify - Web View | Admin View 
[2019-09-02 18:47:43] Message: Updated charity ID: 83185,  Status: publish city: Toronto province: ON neighbourhood: Parkdale  Click here to verify - Web View | Admin View 
[2019-09-02 18:47:45] Message: Updated charity ID: 83186,  Status: publish city: Toronto province: ON neighbourhood: Parkdale  Click here to verify - Web View | Admin View 
[2019-09-02 18:47:46] Message: Updated charity ID: 83187,  Status: publish city: Toronto province: ON neighbourhood: Parkdale  Click here to verify - Web View | Admin View 
[2019-09-02 18:47:47] Message: Updated charity ID: 83188,  Status: publish city: Toronto province: ON neighbourhood: Parkdale  Click here to verify - Web View | Admin View 
[2019-09-02 18:47:48] Message: Updated charity ID: 83189,  Status: publish city: Toronto province: ON neighbourhood: Parkdale  Click here to verify - Web View | Admin View 
[2019-09-02 18:47:49] Message: Updated charity ID: 83190,  Status: publish city: Toronto province: ON neighbourhood: Parkdale  Click here to verify - Web View | Admin View 
[2019-09-02 18:47:50] Message: Updated charity ID: 83191,  Status: publish city: Toronto province: ON neighbourhood: Parkdale  Click here to verify - Web View | Admin View 
[2019-09-02 18:47:51] Message: Updated charity ID: 83192,  Status: publish city: Toronto province: ON neighbourhood: Parkdale  Click here to verify - Web View | Admin View 
[2019-09-02 18:47:53] Message: Updated charity ID: 83193,  Status: publish city: Toronto province: ON neighbourhood: Parkdale  Click here to verify - Web View | Admin View 
[2019-09-02 18:47:54] Message: Updated charity ID: 83194,  Status: publish city: Toronto province: ON neighbourhood: Parkdale  Click here to verify - Web View | Admin View 
[2019-09-02 18:47:55] Message: Updated charity ID: 83195,  Status: publish city: Toronto province: ON neighbourhood: Parkdale  Click here to verify - Web View | Admin View 
[2019-09-02 18:47:56] Message: Updated charity ID: 83196,  Status: publish city: Toronto province: ON neighbourhood: Parkdale  Click here to verify - Web View | Admin View 
[2019-09-02 18:47:57] Message: Updated charity ID: 83197,  Status: publish city: Toronto province: ON neighbourhood: Parkdale  Click here to verify - Web View | Admin View 
[2019-09-02 18:47:58] Message: Updated charity ID: 83198,  Status: publish city: Toronto province: ON neighbourhood: Parkdale  Click here to verify - Web View | Admin View 
[2019-09-02 18:47:59] Message: Updated charity ID: 83199,  Status: publish city: Toronto province: ON neighbourhood: Parkdale  Click here to verify - Web View | Admin View 
[2019-09-02 18:48:01] Message: Updated charity ID: 83200,  Status: publish city: Toronto province: ON neighbourhood: Parkdale  Click here to verify - Web View | Admin View 
[2019-09-02 18:48:02] Message: Updated charity ID: 83201,  Status: publish city: Toronto province: ON neighbourhood: Parkdale  Click here to verify - Web View | Admin View 
[2019-09-02 18:48:03] Message: Updated charity ID: 83202,  Status: publish city: Toronto province: ON neighbourhood: Parkdale  Click here to verify - Web View | Admin View 
[2019-09-02 18:48:04] Message: Updated charity ID: 83203,  Status: publish city: Toronto province: ON neighbourhood: Parkdale  Click here to verify - Web View | Admin View 
[2019-09-02 18:48:05] Message: Updated charity ID: 83204,  Status: publish city: Toronto province: ON neighbourhood: Parkdale  Click here to verify - Web View | Admin View 
[2019-09-02 18:48:07] Message: Updated charity ID: 83205,  Status: publish city: Toronto province: ON neighbourhood: Parkdale  Click here to verify - Web View | Admin View 
[2019-09-02 18:48:08] Message: Updated charity ID: 83206,  Status: publish city: Toronto province: ON neighbourhood: Parkdale  Click here to verify - Web View | Admin View 
[2019-09-02 18:48:09] Message: Updated charity ID: 83207,  Status: publish city: Toronto province: ON neighbourhood: Parkdale  Click here to verify - Web View | Admin View 
[2019-09-02 18:48:10] Message: Updated charity ID: 83208,  Status: publish city: Toronto province: ON neighbourhood: Rosedale  Click here to verify - Web View | Admin View 
