 File has been used for this event: Registered charities M6R - summary.csv
 Type of the imported file: csv
 Revision of the which is used: 5
 Mode of event: Insert
 Total no of records: 66
 Rows handled on each iterations (Based on your server configuration): 1
 File used to import data into: charity (CustomPosts)
[2019-05-29 14:37:59] Message: Inserted charity ID: 81766,  Status: publish  Click here to verify - Web View | Admin View 
[2019-05-29 14:38:00] Message: Inserted charity ID: 81767,  Status: publish  Click here to verify - Web View | Admin View 
[2019-05-29 14:38:01] Message: Inserted charity ID: 81768,  Status: publish  Click here to verify - Web View | Admin View 
[2019-05-29 14:38:02] Message: Inserted charity ID: 81769,  Status: publish  Click here to verify - Web View | Admin View 
[2019-05-29 14:38:03] Message: Inserted charity ID: 81770,  Status: publish  Click here to verify - Web View | Admin View 
[2019-05-29 14:38:04] Message: Inserted charity ID: 81771,  Status: publish  Click here to verify - Web View | Admin View 
[2019-05-29 14:38:05] Message: Inserted charity ID: 81772,  Status: publish  Click here to verify - Web View | Admin View 
[2019-05-29 14:38:06] Message: Inserted charity ID: 81773,  Status: publish  Click here to verify - Web View | Admin View 
[2019-05-29 14:38:07] Message: Inserted charity ID: 81774,  Status: publish  Click here to verify - Web View | Admin View 
[2019-05-29 14:38:08] Message: Inserted charity ID: 81775,  Status: publish  Click here to verify - Web View | Admin View 
[2019-05-29 14:38:09] Message: Inserted charity ID: 81776,  Status: publish  Click here to verify - Web View | Admin View 
[2019-05-29 14:38:10] Message: Inserted charity ID: 81777,  Status: publish  Click here to verify - Web View | Admin View 
[2019-05-29 14:38:12] Message: Inserted charity ID: 81778,  Status: publish  Click here to verify - Web View | Admin View 
[2019-05-29 14:38:15] Message: Inserted charity ID: 81779,  Status: publish  Click here to verify - Web View | Admin View 
[2019-05-29 14:38:16] Message: Inserted charity ID: 81780,  Status: publish  Click here to verify - Web View | Admin View 
[2019-05-29 14:38:17] Message: Inserted charity ID: 81781,  Status: publish  Click here to verify - Web View | Admin View 
[2019-05-29 14:38:18] Message: Inserted charity ID: 81782,  Status: publish  Click here to verify - Web View | Admin View 
[2019-05-29 14:38:19] Message: Inserted charity ID: 81783,  Status: publish  Click here to verify - Web View | Admin View 
[2019-05-29 14:38:20] Message: Inserted charity ID: 81784,  Status: publish  Click here to verify - Web View | Admin View 
[2019-05-29 14:38:21] Message: Inserted charity ID: 81785,  Status: publish  Click here to verify - Web View | Admin View 
[2019-05-29 14:38:22] Message: Inserted charity ID: 81786,  Status: publish  Click here to verify - Web View | Admin View 
[2019-05-29 14:38:28] Message: Inserted charity ID: 81787,  Status: publish  Click here to verify - Web View | Admin View 
[2019-05-29 14:38:31] Message: Inserted charity ID: 81788,  Status: publish  Click here to verify - Web View | Admin View 
[2019-05-29 14:38:32] Message: Inserted charity ID: 81789,  Status: publish  Click here to verify - Web View | Admin View 
[2019-05-29 14:38:35] Message: Inserted charity ID: 81790,  Status: publish  Click here to verify - Web View | Admin View 
[2019-05-29 14:38:36] Message: Inserted charity ID: 81791,  Status: publish  Click here to verify - Web View | Admin View 
[2019-05-29 14:38:38] Message: Inserted charity ID: 81792,  Status: publish  Click here to verify - Web View | Admin View 
[2019-05-29 14:38:41] Message: Inserted charity ID: 81793,  Status: publish  Click here to verify - Web View | Admin View 
[2019-05-29 14:38:43] Message: Inserted charity ID: 81794,  Status: publish  Click here to verify - Web View | Admin View 
[2019-05-29 14:38:44] Message: Inserted charity ID: 81795,  Status: publish  Click here to verify - Web View | Admin View 
[2019-05-29 14:38:45] Message: Inserted charity ID: 81796,  Status: publish  Click here to verify - Web View | Admin View 
[2019-05-29 14:38:47] Message: Inserted charity ID: 81797,  Status: publish  Click here to verify - Web View | Admin View 
[2019-05-29 14:38:48] Message: Inserted charity ID: 81798,  Status: publish  Click here to verify - Web View | Admin View 
[2019-05-29 14:38:49] Message: Inserted charity ID: 81799,  Status: publish  Click here to verify - Web View | Admin View 
[2019-05-29 14:38:50] Message: Inserted charity ID: 81800,  Status: publish  Click here to verify - Web View | Admin View 
[2019-05-29 14:38:51] Message: Inserted charity ID: 81801,  Status: publish  Click here to verify - Web View | Admin View 
[2019-05-29 14:38:53] Message: Inserted charity ID: 81802,  Status: publish  Click here to verify - Web View | Admin View 
[2019-05-29 14:38:55] Message: Inserted charity ID: 81803,  Status: publish  Click here to verify - Web View | Admin View 
[2019-05-29 14:39:00] Message: Inserted charity ID: 81804,  Status: publish  Click here to verify - Web View | Admin View 
[2019-05-29 14:39:03] Message: Inserted charity ID: 81805,  Status: publish  Click here to verify - Web View | Admin View 
[2019-05-29 14:39:04] Message: Inserted charity ID: 81806,  Status: publish  Click here to verify - Web View | Admin View 
[2019-05-29 14:39:07] Message: Inserted charity ID: 81807,  Status: publish  Click here to verify - Web View | Admin View 
[2019-05-29 14:39:11] Message: Inserted charity ID: 81808,  Status: publish  Click here to verify - Web View | Admin View 
[2019-05-29 14:39:12] Message: Inserted charity ID: 81809,  Status: publish  Click here to verify - Web View | Admin View 
[2019-05-29 14:39:15] Message: Inserted charity ID: 81810,  Status: publish  Click here to verify - Web View | Admin View 
[2019-05-29 14:39:18] Message: Inserted charity ID: 81811,  Status: publish  Click here to verify - Web View | Admin View 
[2019-05-29 14:39:20] Message: Inserted charity ID: 81812,  Status: publish  Click here to verify - Web View | Admin View 
[2019-05-29 14:39:22] Message: Inserted charity ID: 81813,  Status: publish  Click here to verify - Web View | Admin View 
[2019-05-29 14:39:26] Message: Inserted charity ID: 81814,  Status: publish  Click here to verify - Web View | Admin View 
[2019-05-29 14:39:28] Message: Inserted charity ID: 81815,  Status: publish  Click here to verify - Web View | Admin View 
[2019-05-29 14:39:30] Message: Inserted charity ID: 81816,  Status: publish  Click here to verify - Web View | Admin View 
[2019-05-29 14:39:34] Message: Inserted charity ID: 81817,  Status: publish  Click here to verify - Web View | Admin View 
[2019-05-29 14:39:36] Message: Inserted charity ID: 81818,  Status: publish  Click here to verify - Web View | Admin View 
[2019-05-29 14:39:38] Message: Inserted charity ID: 81819,  Status: publish  Click here to verify - Web View | Admin View 
[2019-05-29 14:39:41] Message: Inserted charity ID: 81820,  Status: publish  Click here to verify - Web View | Admin View 
[2019-05-29 14:39:43] Message: Inserted charity ID: 81821,  Status: publish  Click here to verify - Web View | Admin View 
[2019-05-29 14:39:47] Message: Inserted charity ID: 81822,  Status: publish  Click here to verify - Web View | Admin View 
[2019-05-29 14:39:48] Message: Inserted charity ID: 81823,  Status: publish  Click here to verify - Web View | Admin View 
[2019-05-29 14:39:50] Message: Inserted charity ID: 81824,  Status: publish  Click here to verify - Web View | Admin View 
[2019-05-29 14:39:52] Message: Inserted charity ID: 81825,  Status: publish  Click here to verify - Web View | Admin View 
[2019-05-29 14:39:55] Message: Inserted charity ID: 81826,  Status: publish  Click here to verify - Web View | Admin View 
[2019-05-29 14:39:56] Message: Inserted charity ID: 81827,  Status: publish  Click here to verify - Web View | Admin View 
[2019-05-29 14:39:57] Message: Inserted charity ID: 81828,  Status: publish  Click here to verify - Web View | Admin View 
[2019-05-29 14:40:01] Message: Inserted charity ID: 81829,  Status: publish  Click here to verify - Web View | Admin View 
[2019-05-29 14:40:02] Message: Inserted charity ID: 81830,  Status: publish  Click here to verify - Web View | Admin View 
[2019-05-29 14:40:04] Message: Inserted charity ID: 81831,  Status: publish  Click here to verify - Web View | Admin View 
