 File has been used for this event: Registered charities M6R - summary.csv
 Type of the imported file: csv
 Revision of the which is used: 3
 Mode of event: Insert
 Total no of records: 66
 Rows handled on each iterations (Based on your server configuration): 1
 File used to import data into: charity (CustomPosts)
[2019-05-29 14:14:47] Message: Inserted charity ID: 81632,  Status: publish  Click here to verify - Web View | Admin View 
[2019-05-29 14:14:48] Message: Inserted charity ID: 81633,  Status: publish  Click here to verify - Web View | Admin View 
[2019-05-29 14:14:49] Message: Inserted charity ID: 81634,  Status: publish  Click here to verify - Web View | Admin View 
[2019-05-29 14:14:50] Message: Inserted charity ID: 81635,  Status: publish  Click here to verify - Web View | Admin View 
[2019-05-29 14:14:51] Message: Inserted charity ID: 81636,  Status: publish  Click here to verify - Web View | Admin View 
[2019-05-29 14:14:53] Message: Inserted charity ID: 81637,  Status: publish  Click here to verify - Web View | Admin View 
[2019-05-29 14:14:53] Message: Inserted charity ID: 81638,  Status: publish  Click here to verify - Web View | Admin View 
[2019-05-29 14:14:54] Message: Inserted charity ID: 81639,  Status: publish  Click here to verify - Web View | Admin View 
[2019-05-29 14:14:55] Message: Inserted charity ID: 81640,  Status: publish  Click here to verify - Web View | Admin View 
[2019-05-29 14:14:56] Message: Inserted charity ID: 81641,  Status: publish  Click here to verify - Web View | Admin View 
[2019-05-29 14:14:58] Message: Inserted charity ID: 81642,  Status: publish  Click here to verify - Web View | Admin View 
[2019-05-29 14:14:59] Message: Inserted charity ID: 81643,  Status: publish  Click here to verify - Web View | Admin View 
[2019-05-29 14:14:59] Message: Inserted charity ID: 81644,  Status: publish  Click here to verify - Web View | Admin View 
[2019-05-29 14:15:00] Message: Inserted charity ID: 81645,  Status: publish  Click here to verify - Web View | Admin View 
[2019-05-29 14:15:02] Message: Inserted charity ID: 81646,  Status: publish  Click here to verify - Web View | Admin View 
[2019-05-29 14:15:03] Message: Inserted charity ID: 81647,  Status: publish  Click here to verify - Web View | Admin View 
[2019-05-29 14:15:03] Message: Inserted charity ID: 81648,  Status: publish  Click here to verify - Web View | Admin View 
[2019-05-29 14:15:05] Message: Inserted charity ID: 81649,  Status: publish  Click here to verify - Web View | Admin View 
[2019-05-29 14:15:06] Message: Inserted charity ID: 81650,  Status: publish  Click here to verify - Web View | Admin View 
[2019-05-29 14:15:08] Message: Inserted charity ID: 81651,  Status: publish  Click here to verify - Web View | Admin View 
[2019-05-29 14:15:09] Message: Inserted charity ID: 81652,  Status: publish  Click here to verify - Web View | Admin View 
[2019-05-29 14:15:11] Message: Inserted charity ID: 81653,  Status: publish  Click here to verify - Web View | Admin View 
[2019-05-29 14:15:13] Message: Inserted charity ID: 81654,  Status: publish  Click here to verify - Web View | Admin View 
[2019-05-29 14:15:18] Message: Inserted charity ID: 81655,  Status: publish  Click here to verify - Web View | Admin View 
[2019-05-29 14:15:20] Message: Inserted charity ID: 81656,  Status: publish  Click here to verify - Web View | Admin View 
[2019-05-29 14:15:24] Message: Inserted charity ID: 81657,  Status: publish  Click here to verify - Web View | Admin View 
[2019-05-29 14:15:25] Message: Inserted charity ID: 81658,  Status: publish  Click here to verify - Web View | Admin View 
[2019-05-29 14:15:28] Message: Inserted charity ID: 81659,  Status: publish  Click here to verify - Web View | Admin View 
[2019-05-29 14:15:30] Message: Inserted charity ID: 81660,  Status: publish  Click here to verify - Web View | Admin View 
[2019-05-29 14:15:31] Message: Inserted charity ID: 81661,  Status: publish  Click here to verify - Web View | Admin View 
[2019-05-29 14:15:32] Message: Inserted charity ID: 81662,  Status: publish  Click here to verify - Web View | Admin View 
[2019-05-29 14:15:33] Message: Inserted charity ID: 81663,  Status: publish  Click here to verify - Web View | Admin View 
[2019-05-29 14:15:36] Message: Inserted charity ID: 81664,  Status: publish  Click here to verify - Web View | Admin View 
[2019-05-29 14:15:41] Message: Inserted charity ID: 81665,  Status: publish  Click here to verify - Web View | Admin View 
[2019-05-29 14:15:49] Message: Inserted charity ID: 81666,  Status: publish  Click here to verify - Web View | Admin View 
[2019-05-29 14:15:51] Message: Inserted charity ID: 81667,  Status: publish  Click here to verify - Web View | Admin View 
[2019-05-29 14:15:52] Message: Inserted charity ID: 81668,  Status: publish  Click here to verify - Web View | Admin View 
[2019-05-29 14:15:53] Message: Inserted charity ID: 81669,  Status: publish  Click here to verify - Web View | Admin View 
[2019-05-29 14:15:54] Message: Inserted charity ID: 81670,  Status: publish  Click here to verify - Web View | Admin View 
[2019-05-29 14:15:58] Message: Inserted charity ID: 81671,  Status: publish  Click here to verify - Web View | Admin View 
[2019-05-29 14:16:01] Message: Inserted charity ID: 81672,  Status: publish  Click here to verify - Web View | Admin View 
[2019-05-29 14:16:05] Message: Inserted charity ID: 81673,  Status: publish  Click here to verify - Web View | Admin View 
[2019-05-29 14:16:07] Message: Inserted charity ID: 81674,  Status: publish  Click here to verify - Web View | Admin View 
[2019-05-29 14:16:09] Message: Inserted charity ID: 81675,  Status: publish  Click here to verify - Web View | Admin View 
[2019-05-29 14:16:13] Message: Inserted charity ID: 81676,  Status: publish  Click here to verify - Web View | Admin View 
[2019-05-29 14:16:15] Message: Inserted charity ID: 81677,  Status: publish  Click here to verify - Web View | Admin View 
[2019-05-29 14:16:17] Message: Inserted charity ID: 81678,  Status: publish  Click here to verify - Web View | Admin View 
[2019-05-29 14:16:18] Message: Inserted charity ID: 81679,  Status: publish  Click here to verify - Web View | Admin View 
[2019-05-29 14:16:19] Message: Inserted charity ID: 81680,  Status: publish  Click here to verify - Web View | Admin View 
[2019-05-29 14:16:20] Message: Inserted charity ID: 81681,  Status: publish  Click here to verify - Web View | Admin View 
[2019-05-29 14:16:21] Message: Inserted charity ID: 81682,  Status: publish  Click here to verify - Web View | Admin View 
[2019-05-29 14:16:24] Message: Inserted charity ID: 81683,  Status: publish  Click here to verify - Web View | Admin View 
[2019-05-29 14:16:25] Message: Inserted charity ID: 81684,  Status: publish  Click here to verify - Web View | Admin View 
[2019-05-29 14:16:26] Message: Inserted charity ID: 81685,  Status: publish  Click here to verify - Web View | Admin View 
[2019-05-29 14:16:27] Message: Inserted charity ID: 81686,  Status: publish  Click here to verify - Web View | Admin View 
[2019-05-29 14:16:28] Message: Inserted charity ID: 81687,  Status: publish  Click here to verify - Web View | Admin View 
[2019-05-29 14:16:30] Message: Inserted charity ID: 81688,  Status: publish  Click here to verify - Web View | Admin View 
[2019-05-29 14:16:31] Message: Inserted charity ID: 81689,  Status: publish  Click here to verify - Web View | Admin View 
[2019-05-29 14:16:33] Message: Inserted charity ID: 81690,  Status: publish  Click here to verify - Web View | Admin View 
[2019-05-29 14:16:35] Message: Inserted charity ID: 81691,  Status: publish  Click here to verify - Web View | Admin View 
[2019-05-29 14:16:38] Message: Inserted charity ID: 81692,  Status: publish  Click here to verify - Web View | Admin View 
[2019-05-29 14:25:40] Message: Inserted charity ID: 81695,  Status: publish  Click here to verify - Web View | Admin View 
[2019-05-29 14:25:41] Message: Inserted charity ID: 81696,  Status: publish  Click here to verify - Web View | Admin View 
[2019-05-29 14:25:42] Message: Inserted charity ID: 81697,  Status: publish  Click here to verify - Web View | Admin View 
[2019-05-29 14:25:43] Message: Inserted charity ID: 81698,  Status: publish  Click here to verify - Web View | Admin View 
[2019-05-29 14:25:44] Message: Inserted charity ID: 81699,  Status: publish  Click here to verify - Web View | Admin View 
 File has been used for this event: Registered charities M6R - summary.csv
 Type of the imported file: csv
 Revision of the which is used: 3
 Mode of event: Insert
 Total no of records: 66
 Rows handled on each iterations (Based on your server configuration): 1
 File used to import data into: charity (CustomPosts)
[2019-05-29 14:28:26] Message: Inserted charity ID: 81700,  Status: publish  Click here to verify - Web View | Admin View 
[2019-05-29 14:28:29] Message: Inserted charity ID: 81701,  Status: publish  Click here to verify - Web View | Admin View 
[2019-05-29 14:28:29] Message: Inserted charity ID: 81702,  Status: publish  Click here to verify - Web View | Admin View 
[2019-05-29 14:28:31] Message: Inserted charity ID: 81703,  Status: publish  Click here to verify - Web View | Admin View 
[2019-05-29 14:28:37] Message: Inserted charity ID: 81704,  Status: publish  Click here to verify - Web View | Admin View 
[2019-05-29 14:28:38] Message: Inserted charity ID: 81705,  Status: publish  Click here to verify - Web View | Admin View 
[2019-05-29 14:28:38] Message: Inserted charity ID: 81706,  Status: publish  Click here to verify - Web View | Admin View 
[2019-05-29 14:28:39] Message: Inserted charity ID: 81707,  Status: publish  Click here to verify - Web View | Admin View 
[2019-05-29 14:28:40] Message: Inserted charity ID: 81708,  Status: publish  Click here to verify - Web View | Admin View 
[2019-05-29 14:28:41] Message: Inserted charity ID: 81709,  Status: publish  Click here to verify - Web View | Admin View 
[2019-05-29 14:28:42] Message: Inserted charity ID: 81710,  Status: publish  Click here to verify - Web View | Admin View 
[2019-05-29 14:28:44] Message: Inserted charity ID: 81711,  Status: publish  Click here to verify - Web View | Admin View 
[2019-05-29 14:28:46] Message: Inserted charity ID: 81712,  Status: publish  Click here to verify - Web View | Admin View 
[2019-05-29 14:28:47] Message: Inserted charity ID: 81713,  Status: publish  Click here to verify - Web View | Admin View 
[2019-05-29 14:28:49] Message: Inserted charity ID: 81714,  Status: publish  Click here to verify - Web View | Admin View 
[2019-05-29 14:28:51] Message: Inserted charity ID: 81715,  Status: publish  Click here to verify - Web View | Admin View 
[2019-05-29 14:28:52] Message: Inserted charity ID: 81716,  Status: publish  Click here to verify - Web View | Admin View 
[2019-05-29 14:28:53] Message: Inserted charity ID: 81717,  Status: publish  Click here to verify - Web View | Admin View 
[2019-05-29 14:28:54] Message: Inserted charity ID: 81718,  Status: publish  Click here to verify - Web View | Admin View 
[2019-05-29 14:28:55] Message: Inserted charity ID: 81719,  Status: publish  Click here to verify - Web View | Admin View 
[2019-05-29 14:28:57] Message: Inserted charity ID: 81720,  Status: publish  Click here to verify - Web View | Admin View 
[2019-05-29 14:28:58] Message: Inserted charity ID: 81721,  Status: publish  Click here to verify - Web View | Admin View 
[2019-05-29 14:29:00] Message: Inserted charity ID: 81722,  Status: publish  Click here to verify - Web View | Admin View 
[2019-05-29 14:29:01] Message: Inserted charity ID: 81723,  Status: publish  Click here to verify - Web View | Admin View 
[2019-05-29 14:29:02] Message: Inserted charity ID: 81724,  Status: publish  Click here to verify - Web View | Admin View 
[2019-05-29 14:29:03] Message: Inserted charity ID: 81725,  Status: publish  Click here to verify - Web View | Admin View 
[2019-05-29 14:29:05] Message: Inserted charity ID: 81726,  Status: publish  Click here to verify - Web View | Admin View 
[2019-05-29 14:29:08] Message: Inserted charity ID: 81727,  Status: publish  Click here to verify - Web View | Admin View 
[2019-05-29 14:29:10] Message: Inserted charity ID: 81728,  Status: publish  Click here to verify - Web View | Admin View 
[2019-05-29 14:29:11] Message: Inserted charity ID: 81729,  Status: publish  Click here to verify - Web View | Admin View 
[2019-05-29 14:29:13] Message: Inserted charity ID: 81730,  Status: publish  Click here to verify - Web View | Admin View 
[2019-05-29 14:29:15] Message: Inserted charity ID: 81731,  Status: publish  Click here to verify - Web View | Admin View 
[2019-05-29 14:29:18] Message: Inserted charity ID: 81732,  Status: publish  Click here to verify - Web View | Admin View 
[2019-05-29 14:29:19] Message: Inserted charity ID: 81733,  Status: publish  Click here to verify - Web View | Admin View 
[2019-05-29 14:29:21] Message: Inserted charity ID: 81734,  Status: publish  Click here to verify - Web View | Admin View 
[2019-05-29 14:29:22] Message: Inserted charity ID: 81735,  Status: publish  Click here to verify - Web View | Admin View 
[2019-05-29 14:29:23] Message: Inserted charity ID: 81736,  Status: publish  Click here to verify - Web View | Admin View 
[2019-05-29 14:29:25] Message: Inserted charity ID: 81737,  Status: publish  Click here to verify - Web View | Admin View 
[2019-05-29 14:29:26] Message: Inserted charity ID: 81738,  Status: publish  Click here to verify - Web View | Admin View 
[2019-05-29 14:29:27] Message: Inserted charity ID: 81739,  Status: publish  Click here to verify - Web View | Admin View 
[2019-05-29 14:29:32] Message: Inserted charity ID: 81740,  Status: publish  Click here to verify - Web View | Admin View 
[2019-05-29 14:29:33] Message: Inserted charity ID: 81741,  Status: publish  Click here to verify - Web View | Admin View 
[2019-05-29 14:29:35] Message: Inserted charity ID: 81742,  Status: publish  Click here to verify - Web View | Admin View 
[2019-05-29 14:29:38] Message: Inserted charity ID: 81743,  Status: publish  Click here to verify - Web View | Admin View 
[2019-05-29 14:29:39] Message: Inserted charity ID: 81744,  Status: publish  Click here to verify - Web View | Admin View 
[2019-05-29 14:29:40] Message: Inserted charity ID: 81745,  Status: publish  Click here to verify - Web View | Admin View 
[2019-05-29 14:29:41] Message: Inserted charity ID: 81746,  Status: publish  Click here to verify - Web View | Admin View 
[2019-05-29 14:29:42] Message: Inserted charity ID: 81747,  Status: publish  Click here to verify - Web View | Admin View 
[2019-05-29 14:29:43] Message: Inserted charity ID: 81748,  Status: publish  Click here to verify - Web View | Admin View 
[2019-05-29 14:29:45] Message: Inserted charity ID: 81749,  Status: publish  Click here to verify - Web View | Admin View 
[2019-05-29 14:29:46] Message: Inserted charity ID: 81750,  Status: publish  Click here to verify - Web View | Admin View 
[2019-05-29 14:29:47] Message: Inserted charity ID: 81751,  Status: publish  Click here to verify - Web View | Admin View 
[2019-05-29 14:29:48] Message: Inserted charity ID: 81752,  Status: publish  Click here to verify - Web View | Admin View 
[2019-05-29 14:29:49] Message: Inserted charity ID: 81753,  Status: publish  Click here to verify - Web View | Admin View 
[2019-05-29 14:29:50] Message: Inserted charity ID: 81754,  Status: publish  Click here to verify - Web View | Admin View 
[2019-05-29 14:29:52] Message: Inserted charity ID: 81755,  Status: publish  Click here to verify - Web View | Admin View 
[2019-05-29 14:29:53] Message: Inserted charity ID: 81756,  Status: publish  Click here to verify - Web View | Admin View 
[2019-05-29 14:29:56] Message: Inserted charity ID: 81757,  Status: publish  Click here to verify - Web View | Admin View 
[2019-05-29 14:29:57] Message: Inserted charity ID: 81758,  Status: publish  Click here to verify - Web View | Admin View 
[2019-05-29 14:29:58] Message: Inserted charity ID: 81759,  Status: publish  Click here to verify - Web View | Admin View 
[2019-05-29 14:29:59] Message: Inserted charity ID: 81760,  Status: publish  Click here to verify - Web View | Admin View 
[2019-05-29 14:30:00] Message: Inserted charity ID: 81761,  Status: publish  Click here to verify - Web View | Admin View 
[2019-05-29 14:30:02] Message: Inserted charity ID: 81762,  Status: publish  Click here to verify - Web View | Admin View 
[2019-05-29 14:30:03] Message: Inserted charity ID: 81763,  Status: publish  Click here to verify - Web View | Admin View 
[2019-05-29 14:30:05] Message: Inserted charity ID: 81764,  Status: publish  Click here to verify - Web View | Admin View 
[2019-05-29 14:30:06] Message: Inserted charity ID: 81765,  Status: publish  Click here to verify - Web View | Admin View 
