 File has been used for this event: Canadian charities - toronto.csv
 Type of the imported file: csv
 Revision of the which is used: 1
 Mode of event: Insert
 Total no of records: 5269
 Rows handled on each iterations (Based on your server configuration): 1
 File used to import data into: charity (CustomPosts)
[2019-08-30 20:14:50] Message: Inserted charity ID: 82853,  Status: publish  Click here to verify - Web View | Admin View 
[2019-08-30 20:14:52] Message: Inserted charity ID: 82854,  Status: publish  Click here to verify - Web View | Admin View 
[2019-08-30 20:14:55] Message: Inserted charity ID: 82855,  Status: publish  Click here to verify - Web View | Admin View 
[2019-08-30 20:14:57] Message: Inserted charity ID: 82856,  Status: publish  Click here to verify - Web View | Admin View 
[2019-08-30 20:15:00] Message: Inserted charity ID: 82857,  Status: publish  Click here to verify - Web View | Admin View 
[2019-08-30 20:15:02] Message: Inserted charity ID: 82858,  Status: publish  Click here to verify - Web View | Admin View 
[2019-08-30 20:15:05] Message: Inserted charity ID: 82859,  Status: publish  Click here to verify - Web View | Admin View 
[2019-08-30 20:15:08] Message: Inserted charity ID: 82860,  Status: publish  Click here to verify - Web View | Admin View 
[2019-08-30 20:15:12] Message: Inserted charity ID: 82861,  Status: publish  Click here to verify - Web View | Admin View 
[2019-08-30 20:15:15] Message: Inserted charity ID: 82862,  Status: publish  Click here to verify - Web View | Admin View 
[2019-08-30 20:15:18] Message: Inserted charity ID: 82863,  Status: publish  Click here to verify - Web View | Admin View 
[2019-08-30 20:15:21] Message: Inserted charity ID: 82864,  Status: publish  Click here to verify - Web View | Admin View 
[2019-08-30 20:15:24] Message: Inserted charity ID: 82865,  Status: publish  Click here to verify - Web View | Admin View 
[2019-08-30 20:15:27] Message: Inserted charity ID: 82866,  Status: publish  Click here to verify - Web View | Admin View 
[2019-08-30 20:15:30] Message: Inserted charity ID: 82867,  Status: publish  Click here to verify - Web View | Admin View 
[2019-08-30 20:15:33] Message: Inserted charity ID: 82868,  Status: publish  Click here to verify - Web View | Admin View 
