 File has been used for this event: canadian charities.csv
 Type of the imported file: csv
 Revision of the which is used: 1
 Mode of event: Update
 Total no of records: 80
 Rows handled on each iterations (Based on your server configuration): 1
 File used to import data into: charity (CustomPosts)
[2019-09-08 15:53:43] Message: Updated charity ID: 83085,  Status: publish city: Toronto province: ON neighbourhood: Parkdale  Click here to verify - Web View | Admin View 
[2019-09-08 15:53:44] Message: Updated charity ID: 83146,  Status: publish city: Toronto province: ON neighbourhood: Parkdale  Click here to verify - Web View | Admin View 
[2019-09-08 15:53:45] Message: Inserted charity ID: 83534,  Status: publish city: Toronto province: ON neighbourhood: Parkdale  Click here to verify - Web View | Admin View 
[2019-09-08 15:53:46] Message: Updated charity ID: 83148,  Status: publish city: Toronto province: ON neighbourhood: Parkdale  Click here to verify - Web View | Admin View 
[2019-09-08 15:53:47] Message: Updated charity ID: 83149,  Status: publish city: Toronto province: ON neighbourhood: Parkdale  Click here to verify - Web View | Admin View 
[2019-09-08 15:53:49] Message: Updated charity ID: 83353,  Status: publish city: Toronto province: ON neighbourhood: Parkdale  Click here to verify - Web View | Admin View 
[2019-09-08 15:53:50] Message: Updated charity ID: 83150,  Status: publish city: Toronto province: ON neighbourhood: Parkdale  Click here to verify - Web View | Admin View 
[2019-09-08 15:53:51] Message: Updated charity ID: 83151,  Status: publish city: Toronto province: ON neighbourhood: Parkdale  Click here to verify - Web View | Admin View 
[2019-09-08 15:53:52] Message: Updated charity ID: 83152,  Status: publish city: Toronto province: ON neighbourhood: Parkdale  Click here to verify - Web View | Admin View 
[2019-09-08 15:53:53] Message: Updated charity ID: 83153,  Status: publish city: Toronto province: ON neighbourhood: Parkdale  Click here to verify - Web View | Admin View 
[2019-09-08 15:53:54] Message: Updated charity ID: 83154,  Status: publish city: Toronto province: ON neighbourhood: Parkdale  Click here to verify - Web View | Admin View 
[2019-09-08 15:53:56] Message: Updated charity ID: 83155,  Status: publish city: Toronto province: ON neighbourhood: Parkdale  Click here to verify - Web View | Admin View 
[2019-09-08 15:53:57] Message: Updated charity ID: 83156,  Status: publish city: Toronto province: ON neighbourhood: Parkdale  Click here to verify - Web View | Admin View 
[2019-09-08 15:53:58] Message: Updated charity ID: 83157,  Status: publish city: Toronto province: ON neighbourhood: Parkdale  Click here to verify - Web View | Admin View 
[2019-09-08 15:53:59] Message: Updated charity ID: 83158,  Status: publish city: Toronto province: ON neighbourhood: Parkdale  Click here to verify - Web View | Admin View 
[2019-09-08 15:54:00] Message: Updated charity ID: 83159,  Status: publish city: Toronto province: ON neighbourhood: Parkdale  Click here to verify - Web View | Admin View 
[2019-09-08 15:54:02] Message: Updated charity ID: 83160,  Status: publish city: Toronto province: ON neighbourhood: Parkdale  Click here to verify - Web View | Admin View 
[2019-09-08 15:54:03] Message: Updated charity ID: 83161,  Status: publish city: Toronto province: ON neighbourhood: Parkdale  Click here to verify - Web View | Admin View 
[2019-09-08 15:54:04] Message: Updated charity ID: 83162,  Status: publish city: Toronto province: ON neighbourhood: Parkdale  Click here to verify - Web View | Admin View 
[2019-09-08 15:54:05] Message: Updated charity ID: 83163,  Status: publish city: Toronto province: ON neighbourhood: Parkdale  Click here to verify - Web View | Admin View 
[2019-09-08 15:54:06] Message: Updated charity ID: 83164,  Status: publish city: Toronto province: ON neighbourhood: Parkdale  Click here to verify - Web View | Admin View 
[2019-09-08 15:54:07] Message: Updated charity ID: 83165,  Status: publish city: Toronto province: ON neighbourhood: Parkdale  Click here to verify - Web View | Admin View 
[2019-09-08 15:54:09] Message: Updated charity ID: 83166,  Status: publish city: Toronto province: ON neighbourhood: Parkdale  Click here to verify - Web View | Admin View 
[2019-09-08 15:54:10] Message: Updated charity ID: 83167,  Status: publish city: Toronto province: ON neighbourhood: Parkdale  Click here to verify - Web View | Admin View 
[2019-09-08 15:54:11] Message: Updated charity ID: 83168,  Status: publish city: Toronto province: ON neighbourhood: Parkdale  Click here to verify - Web View | Admin View 
[2019-09-08 15:54:12] Message: Updated charity ID: 83169,  Status: publish city: Toronto province: ON neighbourhood: Parkdale  Click here to verify - Web View | Admin View 
[2019-09-08 15:54:13] Message: Updated charity ID: 83170,  Status: publish city: Toronto province: ON neighbourhood: Parkdale  Click here to verify - Web View | Admin View 
[2019-09-08 15:54:14] Message: Updated charity ID: 83171,  Status: publish city: Toronto province: ON neighbourhood: Parkdale  Click here to verify - Web View | Admin View 
[2019-09-08 15:54:16] Message: Updated charity ID: 83172,  Status: publish city: Toronto province: ON neighbourhood: Parkdale  Click here to verify - Web View | Admin View 
[2019-09-08 15:54:17] Message: Updated charity ID: 83173,  Status: publish city: Toronto province: ON neighbourhood: Parkdale  Click here to verify - Web View | Admin View 
[2019-09-08 15:54:18] Message: Updated charity ID: 83174,  Status: publish city: Toronto province: ON neighbourhood: Parkdale  Click here to verify - Web View | Admin View 
[2019-09-08 15:54:19] Message: Updated charity ID: 83175,  Status: publish city: Toronto province: ON neighbourhood: Parkdale  Click here to verify - Web View | Admin View 
[2019-09-08 15:54:20] Message: Inserted charity ID: 83535,  Status: publish city: Toronto province: ON neighbourhood: Parkdale  Click here to verify - Web View | Admin View 
[2019-09-08 15:54:21] Message: Updated charity ID: 83176,  Status: publish city: Toronto province: ON neighbourhood: Parkdale  Click here to verify - Web View | Admin View 
[2019-09-08 15:54:23] Message: Updated charity ID: 83177,  Status: publish city: Toronto province: ON neighbourhood: Parkdale  Click here to verify - Web View | Admin View 
[2019-09-08 15:54:24] Message: Updated charity ID: 83178,  Status: publish city: Toronto province: ON neighbourhood: Parkdale  Click here to verify - Web View | Admin View 
[2019-09-08 15:54:25] Message: Inserted charity ID: 83536,  Status: publish city: Toronto province: ON neighbourhood: Parkdale  Click here to verify - Web View | Admin View 
[2019-09-08 15:54:26] Message: Updated charity ID: 83180,  Status: publish city: Toronto province: ON neighbourhood: Parkdale  Click here to verify - Web View | Admin View 
[2019-09-08 15:54:28] Message: Updated charity ID: 83181,  Status: publish city: Toronto province: ON neighbourhood: Parkdale  Click here to verify - Web View | Admin View 
[2019-09-08 15:54:29] Message: Updated charity ID: 83182,  Status: publish city: Toronto province: ON neighbourhood: Parkdale  Click here to verify - Web View | Admin View 
[2019-09-08 15:54:30] Message: Updated charity ID: 83183,  Status: publish city: Toronto province: ON neighbourhood: Parkdale  Click here to verify - Web View | Admin View 
[2019-09-08 15:54:31] Message: Updated charity ID: 83184,  Status: publish city: Toronto province: ON neighbourhood: Parkdale  Click here to verify - Web View | Admin View 
[2019-09-08 15:54:32] Message: Updated charity ID: 83185,  Status: publish city: Toronto province: ON neighbourhood: Parkdale  Click here to verify - Web View | Admin View 
[2019-09-08 15:54:33] Message: Updated charity ID: 83186,  Status: publish city: Toronto province: ON neighbourhood: Parkdale  Click here to verify - Web View | Admin View 
[2019-09-08 15:54:34] Message: Updated charity ID: 83187,  Status: publish city: Toronto province: ON neighbourhood: Parkdale  Click here to verify - Web View | Admin View 
[2019-09-08 15:54:36] Message: Updated charity ID: 83188,  Status: publish city: Toronto province: ON neighbourhood: Parkdale  Click here to verify - Web View | Admin View 
[2019-09-08 15:54:37] Message: Updated charity ID: 83189,  Status: publish city: Toronto province: ON neighbourhood: Parkdale  Click here to verify - Web View | Admin View 
[2019-09-08 15:54:38] Message: Updated charity ID: 83190,  Status: publish city: Toronto province: ON neighbourhood: Parkdale  Click here to verify - Web View | Admin View 
[2019-09-08 15:54:39] Message: Updated charity ID: 83191,  Status: publish city: Toronto province: ON neighbourhood: Parkdale  Click here to verify - Web View | Admin View 
[2019-09-08 15:54:40] Message: Updated charity ID: 83192,  Status: publish city: Toronto province: ON neighbourhood: Parkdale  Click here to verify - Web View | Admin View 
[2019-09-08 15:54:41] Message: Updated charity ID: 83193,  Status: publish city: Toronto province: ON neighbourhood: Parkdale  Click here to verify - Web View | Admin View 
[2019-09-08 15:54:43] Message: Updated charity ID: 83194,  Status: publish city: Toronto province: ON neighbourhood: Parkdale  Click here to verify - Web View | Admin View 
[2019-09-08 15:54:44] Message: Updated charity ID: 83195,  Status: publish city: Toronto province: ON neighbourhood: Parkdale  Click here to verify - Web View | Admin View 
[2019-09-08 15:54:45] Message: Updated charity ID: 83196,  Status: publish city: Toronto province: ON neighbourhood: Parkdale  Click here to verify - Web View | Admin View 
[2019-09-08 15:54:46] Message: Updated charity ID: 83197,  Status: publish city: Toronto province: ON neighbourhood: Parkdale  Click here to verify - Web View | Admin View 
[2019-09-08 15:54:47] Message: Updated charity ID: 83198,  Status: publish city: Toronto province: ON neighbourhood: Parkdale  Click here to verify - Web View | Admin View 
[2019-09-08 15:54:49] Message: Inserted charity ID: 83537,  Status: publish city: Toronto province: ON neighbourhood: Parkdale  Click here to verify - Web View | Admin View 
[2019-09-08 15:54:50] Message: Updated charity ID: 83200,  Status: publish city: Toronto province: ON neighbourhood: Parkdale  Click here to verify - Web View | Admin View 
[2019-09-08 15:54:52] Message: Updated charity ID: 83201,  Status: publish city: Toronto province: ON neighbourhood: Parkdale  Click here to verify - Web View | Admin View 
[2019-09-08 15:54:54] Message: Updated charity ID: 83202,  Status: publish city: Toronto province: ON neighbourhood: Parkdale  Click here to verify - Web View | Admin View 
[2019-09-08 15:54:56] Message: Updated charity ID: 83203,  Status: publish city: Toronto province: ON neighbourhood: Parkdale  Click here to verify - Web View | Admin View 
[2019-09-08 15:54:58] Message: Updated charity ID: 83204,  Status: publish city: Toronto province: ON neighbourhood: Parkdale  Click here to verify - Web View | Admin View 
[2019-09-08 15:55:00] Message: Updated charity ID: 83205,  Status: publish city: Toronto province: ON neighbourhood: Parkdale  Click here to verify - Web View | Admin View 
[2019-09-08 15:55:02] Message: Updated charity ID: 83206,  Status: publish city: Toronto province: ON neighbourhood: Parkdale  Click here to verify - Web View | Admin View 
[2019-09-08 15:55:04] Message: Inserted charity ID: 83538,  Status: publish city: Toronto province: ON neighbourhood: Parkdale  Click here to verify - Web View | Admin View 
[2019-09-08 15:55:06] Message: Updated charity ID: 83208,  Status: publish city: Toronto province: ON neighbourhood: Rosedale  Click here to verify - Web View | Admin View 
[2019-09-08 15:55:07] Message: Updated charity ID: 83354,  Status: publish city: Toronto province: ON neighbourhood: High Park  Click here to verify - Web View | Admin View 
[2019-09-08 15:55:09] Message: Inserted charity ID: 83539,  Status: publish city: Toronto province: ON neighbourhood: Dovercourt Village  Click here to verify - Web View | Admin View 
[2019-09-08 15:55:10] Message: Inserted charity ID: 83540,  Status: publish city: Toronto province: ON neighbourhood: Little Portugal  Click here to verify - Web View | Admin View 
[2019-09-08 15:55:11] Message: Updated charity ID: 83357,  Status: publish city: Toronto province: ON neighbourhood: Little Portugal  Click here to verify - Web View | Admin View 
[2019-09-08 15:55:12] Message: Updated charity ID: 83358,  Status: publish city: Toronto province: ON neighbourhood: The Annex  Click here to verify - Web View | Admin View 
[2019-09-08 15:55:14] Message: Updated charity ID: 83359,  Status: publish city: Toronto province: ON neighbourhood: The Junction North  Click here to verify - Web View | Admin View 
[2019-09-08 15:55:15] Message: Updated charity ID: 83360,  Status: publish city: Toronto province: ON neighbourhood: Drop In Services  Click here to verify - Web View | Admin View 
[2019-09-08 15:55:16] Message: Inserted charity ID: 83541,  Status: publish city: Toronto province: ON neighbourhood: Brockton  Click here to verify - Web View | Admin View 
[2019-09-08 15:55:17] Message: Updated charity ID: 83362,  Status: publish city: Toronto province: ON neighbourhood: Brockton  Click here to verify - Web View | Admin View 
[2019-09-08 15:55:19] Message: Updated charity ID: 83363,  Status: publish city: Toronto province: ON  Click here to verify - Web View | Admin View 
