 File has been used for this event: Canadian charities - toronto.csv
 Type of the imported file: csv
 Revision of the which is used: 2
 Mode of event: Insert
 Total no of records: 5269
 Rows handled on each iterations (Based on your server configuration): 1
 File used to import data into: charity (CustomPosts)
[2019-08-30 20:47:29] Message: Inserted charity ID: 82917,  Status: publish  Click here to verify - Web View | Admin View 
[2019-08-30 20:47:32] Message: Inserted charity ID: 82918,  Status: publish  Click here to verify - Web View | Admin View 
[2019-08-30 20:47:34] Message: Inserted charity ID: 82919,  Status: publish  Click here to verify - Web View | Admin View 
[2019-08-30 20:47:37] Message: Inserted charity ID: 82920,  Status: publish  Click here to verify - Web View | Admin View 
[2019-08-30 20:47:40] Message: Inserted charity ID: 82921,  Status: publish  Click here to verify - Web View | Admin View 
[2019-08-30 20:47:43] Message: Inserted charity ID: 82922,  Status: publish  Click here to verify - Web View | Admin View 
[2019-08-30 20:47:46] Message: Inserted charity ID: 82923,  Status: publish  Click here to verify - Web View | Admin View 
[2019-08-30 20:47:48] Message: Inserted charity ID: 82924,  Status: publish  Click here to verify - Web View | Admin View 
[2019-08-30 20:47:51] Message: Inserted charity ID: 82925,  Status: publish  Click here to verify - Web View | Admin View 
[2019-08-30 20:47:54] Message: Inserted charity ID: 82926,  Status: publish  Click here to verify - Web View | Admin View 
[2019-08-30 20:47:56] Message: Inserted charity ID: 82927,  Status: publish  Click here to verify - Web View | Admin View 
[2019-08-30 20:47:58] Message: Inserted charity ID: 82928,  Status: publish  Click here to verify - Web View | Admin View 
[2019-08-30 20:48:00] Message: Inserted charity ID: 82929,  Status: publish  Click here to verify - Web View | Admin View 
[2019-08-30 20:48:02] Message: Inserted charity ID: 82930,  Status: publish  Click here to verify - Web View | Admin View 
[2019-08-30 20:48:05] Message: Inserted charity ID: 82931,  Status: publish  Click here to verify - Web View | Admin View 
[2019-08-30 20:48:08] Message: Inserted charity ID: 82932,  Status: publish  Click here to verify - Web View | Admin View 
[2019-08-30 20:48:11] Message: Inserted charity ID: 82933,  Status: publish  Click here to verify - Web View | Admin View 
[2019-08-30 20:48:14] Message: Inserted charity ID: 82934,  Status: publish  Click here to verify - Web View | Admin View 
[2019-08-30 20:48:16] Message: Inserted charity ID: 82935,  Status: publish  Click here to verify - Web View | Admin View 
[2019-08-30 20:48:19] Message: Inserted charity ID: 82936,  Status: publish  Click here to verify - Web View | Admin View 
[2019-08-30 20:48:22] Message: Inserted charity ID: 82937,  Status: publish  Click here to verify - Web View | Admin View 
[2019-08-30 20:48:25] Message: Inserted charity ID: 82938,  Status: publish  Click here to verify - Web View | Admin View 
[2019-08-30 20:48:28] Message: Inserted charity ID: 82939,  Status: publish  Click here to verify - Web View | Admin View 
[2019-08-30 20:48:31] Message: Inserted charity ID: 82940,  Status: publish  Click here to verify - Web View | Admin View 
[2019-08-30 20:48:35] Message: Inserted charity ID: 82941,  Status: publish  Click here to verify - Web View | Admin View 
[2019-08-30 20:48:37] Message: Inserted charity ID: 82942,  Status: publish  Click here to verify - Web View | Admin View 
[2019-08-30 20:48:40] Message: Inserted charity ID: 82943,  Status: publish  Click here to verify - Web View | Admin View 
[2019-08-30 20:48:44] Message: Inserted charity ID: 82944,  Status: publish  Click here to verify - Web View | Admin View 
[2019-08-30 20:48:47] Message: Inserted charity ID: 82945,  Status: publish  Click here to verify - Web View | Admin View 
[2019-08-30 20:48:49] Message: Inserted charity ID: 82946,  Status: publish  Click here to verify - Web View | Admin View 
[2019-08-30 20:48:52] Message: Inserted charity ID: 82947,  Status: publish  Click here to verify - Web View | Admin View 
[2019-08-30 20:48:55] Message: Inserted charity ID: 82948,  Status: publish  Click here to verify - Web View | Admin View 
[2019-08-30 20:48:58] Message: Inserted charity ID: 82949,  Status: publish  Click here to verify - Web View | Admin View 
[2019-08-30 20:49:02] Message: Inserted charity ID: 82950,  Status: publish  Click here to verify - Web View | Admin View 
[2019-08-30 20:49:04] Message: Inserted charity ID: 82951,  Status: publish  Click here to verify - Web View | Admin View 
[2019-08-30 20:49:07] Message: Inserted charity ID: 82952,  Status: publish  Click here to verify - Web View | Admin View 
[2019-08-30 20:49:11] Message: Inserted charity ID: 82953,  Status: publish  Click here to verify - Web View | Admin View 
[2019-08-30 20:49:13] Message: Inserted charity ID: 82954,  Status: publish  Click here to verify - Web View | Admin View 
[2019-08-30 20:49:16] Message: Inserted charity ID: 82955,  Status: publish  Click here to verify - Web View | Admin View 
[2019-08-30 20:49:18] Message: Inserted charity ID: 82956,  Status: publish  Click here to verify - Web View | Admin View 
[2019-08-30 20:49:21] Message: Inserted charity ID: 82957,  Status: publish  Click here to verify - Web View | Admin View 
[2019-08-30 20:49:24] Message: Inserted charity ID: 82958,  Status: publish  Click here to verify - Web View | Admin View 
[2019-08-30 20:49:26] Message: Inserted charity ID: 82959,  Status: publish  Click here to verify - Web View | Admin View 
[2019-08-30 20:49:28] Message: Inserted charity ID: 82960,  Status: publish  Click here to verify - Web View | Admin View 
[2019-08-30 20:49:31] Message: Inserted charity ID: 82961,  Status: publish  Click here to verify - Web View | Admin View 
[2019-08-30 20:49:34] Message: Inserted charity ID: 82962,  Status: publish  Click here to verify - Web View | Admin View 
[2019-08-30 20:49:37] Message: Inserted charity ID: 82963,  Status: publish  Click here to verify - Web View | Admin View 
[2019-08-30 20:49:40] Message: Inserted charity ID: 82964,  Status: publish  Click here to verify - Web View | Admin View 
[2019-08-30 20:49:42] Message: Inserted charity ID: 82965,  Status: publish  Click here to verify - Web View | Admin View 
[2019-08-30 20:49:45] Message: Inserted charity ID: 82966,  Status: publish  Click here to verify - Web View | Admin View 
[2019-08-30 20:49:48] Message: Inserted charity ID: 82967,  Status: publish  Click here to verify - Web View | Admin View 
[2019-08-30 20:49:51] Message: Inserted charity ID: 82968,  Status: publish  Click here to verify - Web View | Admin View 
[2019-08-30 20:49:53] Message: Inserted charity ID: 82969,  Status: publish  Click here to verify - Web View | Admin View 
[2019-08-30 20:49:56] Message: Inserted charity ID: 82970,  Status: publish  Click here to verify - Web View | Admin View 
[2019-08-30 20:49:59] Message: Inserted charity ID: 82971,  Status: publish  Click here to verify - Web View | Admin View 
[2019-08-30 20:50:02] Message: Inserted charity ID: 82972,  Status: publish  Click here to verify - Web View | Admin View 
[2019-08-30 20:50:05] Message: Inserted charity ID: 82973,  Status: publish  Click here to verify - Web View | Admin View 
[2019-08-30 20:50:08] Message: Inserted charity ID: 82974,  Status: publish  Click here to verify - Web View | Admin View 
[2019-08-30 20:50:11] Message: Inserted charity ID: 82975,  Status: publish  Click here to verify - Web View | Admin View 
[2019-08-30 20:50:13] Message: Inserted charity ID: 82976,  Status: publish  Click here to verify - Web View | Admin View 
[2019-08-30 20:50:15] Message: Inserted charity ID: 82977,  Status: publish  Click here to verify - Web View | Admin View 
[2019-08-30 20:50:17] Message: Inserted charity ID: 82978,  Status: publish  Click here to verify - Web View | Admin View 
[2019-08-30 20:50:19] Message: Inserted charity ID: 82979,  Status: publish  Click here to verify - Web View | Admin View 
[2019-08-30 20:50:21] Message: Inserted charity ID: 82980,  Status: publish  Click here to verify - Web View | Admin View 
[2019-08-30 20:50:23] Message: Inserted charity ID: 82981,  Status: publish  Click here to verify - Web View | Admin View 
[2019-08-30 20:50:25] Message: Inserted charity ID: 82982,  Status: publish  Click here to verify - Web View | Admin View 
[2019-08-30 20:50:28] Message: Inserted charity ID: 82983,  Status: publish  Click here to verify - Web View | Admin View 
[2019-08-30 20:50:30] Message: Inserted charity ID: 82984,  Status: publish  Click here to verify - Web View | Admin View 
[2019-08-30 20:50:32] Message: Inserted charity ID: 82985,  Status: publish  Click here to verify - Web View | Admin View 
[2019-08-30 20:50:35] Message: Inserted charity ID: 82986,  Status: publish  Click here to verify - Web View | Admin View 
[2019-08-30 20:50:37] Message: Inserted charity ID: 82987,  Status: publish  Click here to verify - Web View | Admin View 
[2019-08-30 20:50:40] Message: Inserted charity ID: 82988,  Status: publish  Click here to verify - Web View | Admin View 
[2019-08-30 20:50:43] Message: Inserted charity ID: 82989,  Status: publish  Click here to verify - Web View | Admin View 
[2019-08-30 20:50:46] Message: Inserted charity ID: 82990,  Status: publish  Click here to verify - Web View | Admin View 
[2019-08-30 20:50:49] Message: Inserted charity ID: 82991,  Status: publish  Click here to verify - Web View | Admin View 
[2019-08-30 20:50:52] Message: Inserted charity ID: 82992,  Status: publish  Click here to verify - Web View | Admin View 
[2019-08-30 20:50:54] Message: Inserted charity ID: 82993,  Status: publish  Click here to verify - Web View | Admin View 
[2019-08-30 20:50:58] Message: Inserted charity ID: 82994,  Status: publish  Click here to verify - Web View | Admin View 
[2019-08-30 20:51:00] Message: Inserted charity ID: 82995,  Status: publish  Click here to verify - Web View | Admin View 
[2019-08-30 20:51:03] Message: Inserted charity ID: 82996,  Status: publish  Click here to verify - Web View | Admin View 
[2019-08-30 20:51:06] Message: Inserted charity ID: 82997,  Status: publish  Click here to verify - Web View | Admin View 
[2019-08-30 20:51:09] Message: Inserted charity ID: 82998,  Status: publish  Click here to verify - Web View | Admin View 
[2019-08-30 20:51:11] Message: Inserted charity ID: 82999,  Status: publish  Click here to verify - Web View | Admin View 
[2019-08-30 20:51:14] Message: Inserted charity ID: 83000,  Status: publish  Click here to verify - Web View | Admin View 
[2019-08-30 20:51:16] Message: Inserted charity ID: 83001,  Status: publish  Click here to verify - Web View | Admin View 
[2019-08-30 20:51:19] Message: Inserted charity ID: 83002,  Status: publish  Click here to verify - Web View | Admin View 
[2019-08-30 20:51:22] Message: Inserted charity ID: 83003,  Status: publish  Click here to verify - Web View | Admin View 
[2019-08-30 20:51:24] Message: Inserted charity ID: 83004,  Status: publish  Click here to verify - Web View | Admin View 
[2019-08-30 20:51:27] Message: Inserted charity ID: 83005,  Status: publish  Click here to verify - Web View | Admin View 
[2019-08-30 20:51:30] Message: Inserted charity ID: 83006,  Status: publish  Click here to verify - Web View | Admin View 
[2019-08-30 20:51:33] Message: Inserted charity ID: 83007,  Status: publish  Click here to verify - Web View | Admin View 
[2019-08-30 20:51:36] Message: Inserted charity ID: 83008,  Status: publish  Click here to verify - Web View | Admin View 
[2019-08-30 20:51:38] Message: Inserted charity ID: 83009,  Status: publish  Click here to verify - Web View | Admin View 
[2019-08-30 20:51:41] Message: Inserted charity ID: 83010,  Status: publish  Click here to verify - Web View | Admin View 
[2019-08-30 20:51:45] Message: Inserted charity ID: 83011,  Status: publish  Click here to verify - Web View | Admin View 
[2019-08-30 20:51:47] Message: Inserted charity ID: 83012,  Status: publish  Click here to verify - Web View | Admin View 
[2019-08-30 20:51:50] Message: Inserted charity ID: 83013,  Status: publish  Click here to verify - Web View | Admin View 
[2019-08-30 20:51:53] Message: Inserted charity ID: 83014,  Status: publish  Click here to verify - Web View | Admin View 
[2019-08-30 20:51:56] Message: Inserted charity ID: 83015,  Status: publish  Click here to verify - Web View | Admin View 
[2019-08-30 20:51:59] Message: Inserted charity ID: 83016,  Status: publish  Click here to verify - Web View | Admin View 
[2019-08-30 20:52:02] Message: Inserted charity ID: 83017,  Status: publish  Click here to verify - Web View | Admin View 
[2019-08-30 20:52:05] Message: Inserted charity ID: 83018,  Status: publish  Click here to verify - Web View | Admin View 
[2019-08-30 20:52:07] Message: Inserted charity ID: 83019,  Status: publish  Click here to verify - Web View | Admin View 
[2019-08-30 20:52:10] Message: Inserted charity ID: 83020,  Status: publish  Click here to verify - Web View | Admin View 
[2019-08-30 20:52:13] Message: Inserted charity ID: 83021,  Status: publish  Click here to verify - Web View | Admin View 
[2019-08-30 20:52:16] Message: Inserted charity ID: 83022,  Status: publish  Click here to verify - Web View | Admin View 
[2019-08-30 20:52:18] Message: Inserted charity ID: 83023,  Status: publish  Click here to verify - Web View | Admin View 
[2019-08-30 20:52:21] Message: Inserted charity ID: 83024,  Status: publish  Click here to verify - Web View | Admin View 
[2019-08-30 20:52:23] Message: Inserted charity ID: 83025,  Status: publish  Click here to verify - Web View | Admin View 
[2019-08-30 20:52:25] Message: Inserted charity ID: 83026,  Status: publish  Click here to verify - Web View | Admin View 
[2019-08-30 20:52:28] Message: Inserted charity ID: 83027,  Status: publish  Click here to verify - Web View | Admin View 
[2019-08-30 20:52:30] Message: Inserted charity ID: 83028,  Status: publish  Click here to verify - Web View | Admin View 
[2019-08-30 20:52:33] Message: Inserted charity ID: 83029,  Status: publish  Click here to verify - Web View | Admin View 
[2019-08-30 20:52:35] Message: Inserted charity ID: 83030,  Status: publish  Click here to verify - Web View | Admin View 
[2019-08-30 20:52:38] Message: Inserted charity ID: 83031,  Status: publish  Click here to verify - Web View | Admin View 
[2019-08-30 20:52:40] Message: Inserted charity ID: 83032,  Status: publish  Click here to verify - Web View | Admin View 
[2019-08-30 20:52:42] Message: Inserted charity ID: 83033,  Status: publish  Click here to verify - Web View | Admin View 
[2019-08-30 20:52:44] Message: Inserted charity ID: 83034,  Status: publish  Click here to verify - Web View | Admin View 
[2019-08-30 20:52:46] Message: Inserted charity ID: 83035,  Status: publish  Click here to verify - Web View | Admin View 
[2019-08-30 20:52:49] Message: Inserted charity ID: 83036,  Status: publish  Click here to verify - Web View | Admin View 
[2019-08-30 20:52:51] Message: Inserted charity ID: 83037,  Status: publish  Click here to verify - Web View | Admin View 
[2019-08-30 20:52:53] Message: Inserted charity ID: 83038,  Status: publish  Click here to verify - Web View | Admin View 
[2019-08-30 20:52:56] Message: Inserted charity ID: 83039,  Status: publish  Click here to verify - Web View | Admin View 
[2019-08-30 20:52:58] Message: Inserted charity ID: 83040,  Status: publish  Click here to verify - Web View | Admin View 
[2019-08-30 20:53:01] Message: Inserted charity ID: 83041,  Status: publish  Click here to verify - Web View | Admin View 
[2019-08-30 20:53:04] Message: Inserted charity ID: 83042,  Status: publish  Click here to verify - Web View | Admin View 
[2019-08-30 20:53:06] Message: Inserted charity ID: 83043,  Status: publish  Click here to verify - Web View | Admin View 
[2019-08-30 20:53:08] Message: Inserted charity ID: 83044,  Status: publish  Click here to verify - Web View | Admin View 
[2019-08-30 20:53:10] Message: Inserted charity ID: 83045,  Status: publish  Click here to verify - Web View | Admin View 
[2019-08-30 20:53:13] Message: Inserted charity ID: 83046,  Status: publish  Click here to verify - Web View | Admin View 
[2019-08-30 20:53:16] Message: Inserted charity ID: 83047,  Status: publish  Click here to verify - Web View | Admin View 
[2019-08-30 20:53:18] Message: Inserted charity ID: 83048,  Status: publish  Click here to verify - Web View | Admin View 
[2019-08-30 20:53:20] Message: Inserted charity ID: 83049,  Status: publish  Click here to verify - Web View | Admin View 
[2019-08-30 20:53:23] Message: Inserted charity ID: 83050,  Status: publish  Click here to verify - Web View | Admin View 
[2019-08-30 20:53:25] Message: Inserted charity ID: 83051,  Status: publish  Click here to verify - Web View | Admin View 
[2019-08-30 20:53:28] Message: Inserted charity ID: 83052,  Status: publish  Click here to verify - Web View | Admin View 
[2019-08-30 20:53:30] Message: Inserted charity ID: 83053,  Status: publish  Click here to verify - Web View | Admin View 
[2019-08-30 20:53:33] Message: Inserted charity ID: 83054,  Status: publish  Click here to verify - Web View | Admin View 
[2019-08-30 20:53:35] Message: Inserted charity ID: 83055,  Status: publish  Click here to verify - Web View | Admin View 
[2019-08-30 20:53:37] Message: Inserted charity ID: 83056,  Status: publish  Click here to verify - Web View | Admin View 
[2019-08-30 20:53:40] Message: Inserted charity ID: 83057,  Status: publish  Click here to verify - Web View | Admin View 
[2019-08-30 20:53:42] Message: Inserted charity ID: 83058,  Status: publish  Click here to verify - Web View | Admin View 
[2019-08-30 20:53:44] Message: Inserted charity ID: 83059,  Status: publish  Click here to verify - Web View | Admin View 
[2019-08-30 20:53:47] Message: Inserted charity ID: 83060,  Status: publish  Click here to verify - Web View | Admin View 
[2019-08-30 20:53:49] Message: Inserted charity ID: 83061,  Status: publish  Click here to verify - Web View | Admin View 
[2019-08-30 20:53:52] Message: Inserted charity ID: 83062,  Status: publish  Click here to verify - Web View | Admin View 
[2019-08-30 20:53:54] Message: Inserted charity ID: 83063,  Status: publish  Click here to verify - Web View | Admin View 
[2019-08-30 20:53:57] Message: Inserted charity ID: 83064,  Status: publish  Click here to verify - Web View | Admin View 
[2019-08-30 20:53:59] Message: Inserted charity ID: 83065,  Status: publish  Click here to verify - Web View | Admin View 
[2019-08-30 20:54:01] Message: Inserted charity ID: 83066,  Status: publish  Click here to verify - Web View | Admin View 
[2019-08-30 20:54:04] Message: Inserted charity ID: 83067,  Status: publish  Click here to verify - Web View | Admin View 
[2019-08-30 20:54:06] Message: Inserted charity ID: 83068,  Status: publish  Click here to verify - Web View | Admin View 
[2019-08-30 20:54:09] Message: Inserted charity ID: 83069,  Status: publish  Click here to verify - Web View | Admin View 
[2019-08-30 20:54:11] Message: Inserted charity ID: 83070,  Status: publish  Click here to verify - Web View | Admin View 
[2019-08-30 20:54:13] Message: Inserted charity ID: 83071,  Status: publish  Click here to verify - Web View | Admin View 
[2019-08-30 20:54:16] Message: Inserted charity ID: 83072,  Status: publish  Click here to verify - Web View | Admin View 
[2019-08-30 20:54:18] Message: Inserted charity ID: 83073,  Status: publish  Click here to verify - Web View | Admin View 
[2019-08-30 20:54:20] Message: Inserted charity ID: 83074,  Status: publish  Click here to verify - Web View | Admin View 
[2019-08-30 20:54:22] Message: Inserted charity ID: 83075,  Status: publish  Click here to verify - Web View | Admin View 
[2019-08-30 20:54:24] Message: Inserted charity ID: 83076,  Status: publish  Click here to verify - Web View | Admin View 
[2019-08-30 20:54:26] Message: Inserted charity ID: 83077,  Status: publish  Click here to verify - Web View | Admin View 
[2019-08-30 20:54:30] Message: Inserted charity ID: 83078,  Status: publish  Click here to verify - Web View | Admin View 
[2019-08-30 20:54:32] Message: Inserted charity ID: 83079,  Status: publish  Click here to verify - Web View | Admin View 
[2019-08-30 20:54:34] Message: Inserted charity ID: 83080,  Status: publish  Click here to verify - Web View | Admin View 
[2019-08-30 20:54:36] Message: Inserted charity ID: 83081,  Status: publish  Click here to verify - Web View | Admin View 
[2019-08-30 20:54:39] Message: Inserted charity ID: 83082,  Status: publish  Click here to verify - Web View | Admin View 
[2019-08-30 20:54:41] Message: Inserted charity ID: 83083,  Status: publish  Click here to verify - Web View | Admin View 
[2019-08-30 20:54:43] Message: Inserted charity ID: 83084,  Status: publish  Click here to verify - Web View | Admin View 
[2019-08-30 20:54:45] Message: Inserted charity ID: 83085,  Status: publish  Click here to verify - Web View | Admin View 
[2019-08-30 20:54:47] Message: Inserted charity ID: 83086,  Status: publish  Click here to verify - Web View | Admin View 
[2019-08-30 20:54:49] Message: Inserted charity ID: 83087,  Status: publish  Click here to verify - Web View | Admin View 
[2019-08-30 20:54:51] Message: Inserted charity ID: 83088,  Status: publish  Click here to verify - Web View | Admin View 
[2019-08-30 20:54:54] Message: Inserted charity ID: 83089,  Status: publish  Click here to verify - Web View | Admin View 
[2019-08-30 20:54:56] Message: Inserted charity ID: 83090,  Status: publish  Click here to verify - Web View | Admin View 
[2019-08-30 20:54:58] Message: Inserted charity ID: 83091,  Status: publish  Click here to verify - Web View | Admin View 
[2019-08-30 20:55:00] Message: Inserted charity ID: 83092,  Status: publish  Click here to verify - Web View | Admin View 
[2019-08-30 20:55:02] Message: Inserted charity ID: 83093,  Status: publish  Click here to verify - Web View | Admin View 
[2019-08-30 20:55:05] Message: Inserted charity ID: 83094,  Status: publish  Click here to verify - Web View | Admin View 
[2019-08-30 20:55:07] Message: Inserted charity ID: 83095,  Status: publish  Click here to verify - Web View | Admin View 
[2019-08-30 20:55:09] Message: Inserted charity ID: 83096,  Status: publish  Click here to verify - Web View | Admin View 
[2019-08-30 20:55:11] Message: Inserted charity ID: 83097,  Status: publish  Click here to verify - Web View | Admin View 
[2019-08-30 20:55:14] Message: Inserted charity ID: 83098,  Status: publish  Click here to verify - Web View | Admin View 
[2019-08-30 20:55:16] Message: Inserted charity ID: 83099,  Status: publish  Click here to verify - Web View | Admin View 
[2019-08-30 20:55:18] Message: Inserted charity ID: 83100,  Status: publish  Click here to verify - Web View | Admin View 
[2019-08-30 20:55:20] Message: Inserted charity ID: 83101,  Status: publish  Click here to verify - Web View | Admin View 
[2019-08-30 20:55:22] Message: Inserted charity ID: 83102,  Status: publish  Click here to verify - Web View | Admin View 
[2019-08-30 20:55:24] Message: Inserted charity ID: 83103,  Status: publish  Click here to verify - Web View | Admin View 
[2019-08-30 20:55:26] Message: Inserted charity ID: 83104,  Status: publish  Click here to verify - Web View | Admin View 
[2019-08-30 20:55:29] Message: Inserted charity ID: 83105,  Status: publish  Click here to verify - Web View | Admin View 
[2019-08-30 20:55:31] Message: Inserted charity ID: 83106,  Status: publish  Click here to verify - Web View | Admin View 
[2019-08-30 20:55:33] Message: Inserted charity ID: 83107,  Status: publish  Click here to verify - Web View | Admin View 
[2019-08-30 20:55:35] Message: Inserted charity ID: 83108,  Status: publish  Click here to verify - Web View | Admin View 
[2019-08-30 20:55:37] Message: Inserted charity ID: 83109,  Status: publish  Click here to verify - Web View | Admin View 
[2019-08-30 20:55:40] Message: Inserted charity ID: 83110,  Status: publish  Click here to verify - Web View | Admin View 
[2019-08-30 20:55:42] Message: Inserted charity ID: 83111,  Status: publish  Click here to verify - Web View | Admin View 
[2019-08-30 20:55:44] Message: Inserted charity ID: 83112,  Status: publish  Click here to verify - Web View | Admin View 
[2019-08-30 20:55:47] Message: Inserted charity ID: 83113,  Status: publish  Click here to verify - Web View | Admin View 
[2019-08-30 20:55:49] Message: Inserted charity ID: 83114,  Status: publish  Click here to verify - Web View | Admin View 
[2019-08-30 20:55:51] Message: Inserted charity ID: 83115,  Status: publish  Click here to verify - Web View | Admin View 
[2019-08-30 20:55:53] Message: Inserted charity ID: 83116,  Status: publish  Click here to verify - Web View | Admin View 
[2019-08-30 20:55:55] Message: Inserted charity ID: 83117,  Status: publish  Click here to verify - Web View | Admin View 
[2019-08-30 20:55:58] Message: Inserted charity ID: 83118,  Status: publish  Click here to verify - Web View | Admin View 
[2019-08-30 20:56:00] Message: Inserted charity ID: 83119,  Status: publish  Click here to verify - Web View | Admin View 
[2019-08-30 20:56:02] Message: Inserted charity ID: 83120,  Status: publish  Click here to verify - Web View | Admin View 
[2019-08-30 20:56:04] Message: Inserted charity ID: 83121,  Status: publish  Click here to verify - Web View | Admin View 
[2019-08-30 20:56:06] Message: Inserted charity ID: 83122,  Status: publish  Click here to verify - Web View | Admin View 
[2019-08-30 20:56:09] Message: Inserted charity ID: 83123,  Status: publish  Click here to verify - Web View | Admin View 
[2019-08-30 20:56:11] Message: Inserted charity ID: 83124,  Status: publish  Click here to verify - Web View | Admin View 
[2019-08-30 20:56:14] Message: Inserted charity ID: 83125,  Status: publish  Click here to verify - Web View | Admin View 
[2019-08-30 20:56:16] Message: Inserted charity ID: 83126,  Status: publish  Click here to verify - Web View | Admin View 
[2019-08-30 20:56:18] Message: Inserted charity ID: 83127,  Status: publish  Click here to verify - Web View | Admin View 
[2019-08-30 20:56:20] Message: Inserted charity ID: 83128,  Status: publish  Click here to verify - Web View | Admin View 
[2019-08-30 20:56:23] Message: Inserted charity ID: 83129,  Status: publish  Click here to verify - Web View | Admin View 
[2019-08-30 20:56:25] Message: Inserted charity ID: 83130,  Status: publish  Click here to verify - Web View | Admin View 
[2019-08-30 20:56:27] Message: Inserted charity ID: 83131,  Status: publish  Click here to verify - Web View | Admin View 
[2019-08-30 20:56:29] Message: Inserted charity ID: 83132,  Status: publish  Click here to verify - Web View | Admin View 
[2019-08-30 20:56:32] Message: Inserted charity ID: 83133,  Status: publish  Click here to verify - Web View | Admin View 
[2019-08-30 20:56:34] Message: Inserted charity ID: 83134,  Status: publish  Click here to verify - Web View | Admin View 
[2019-08-30 20:56:37] Message: Inserted charity ID: 83135,  Status: publish  Click here to verify - Web View | Admin View 
[2019-08-30 20:56:39] Message: Inserted charity ID: 83136,  Status: publish  Click here to verify - Web View | Admin View 
 File has been used for this event: Canadian charities - toronto.csv
 Type of the imported file: csv
 Revision of the which is used: 2
 Mode of event: Insert
 Total no of records: 5269
 Rows handled on each iterations (Based on your server configuration): 1
 File used to import data into: charity (CustomPosts)
[2019-08-30 23:21:37] Message: Inserted charity ID: 83137,  Status: publish  Click here to verify - Web View | Admin View 
[2019-08-30 23:21:39] Message: Inserted charity ID: 83138,  Status: publish  Click here to verify - Web View | Admin View 
[2019-08-30 23:21:42] Message: Inserted charity ID: 83139,  Status: publish  Click here to verify - Web View | Admin View 
[2019-08-30 23:21:45] Message: Inserted charity ID: 83140,  Status: publish  Click here to verify - Web View | Admin View 
[2019-08-30 23:21:51] Message: Inserted charity ID: 83141,  Status: publish  Click here to verify - Web View | Admin View 
