 File has been used for this event: canadian charities.csv
 Type of the imported file: csv
 Revision of the which is used: 4
 Mode of event: Update
 Total no of records: 80
 Rows handled on each iterations (Based on your server configuration): 1
 File used to import data into: charity (CustomPosts)
[2019-09-04 13:59:59] Message: Updated charity ID: 83085,  Status: publish city: Toronto province: ON neighbourhood: Parkdale  Click here to verify - Web View | Admin View 
[2019-09-04 13:59:59] Message: Updated charity ID: 83146,  Status: publish city: Toronto province: ON neighbourhood: Parkdale  Click here to verify - Web View | Admin View 
[2019-09-04 14:00:00] Message: Updated charity ID: 83147,  Status: publish city: Toronto province: ON neighbourhood: Parkdale  Click here to verify - Web View | Admin View 
[2019-09-04 14:00:01] Message: Updated charity ID: 83148,  Status: publish city: Toronto province: ON neighbourhood: Parkdale  Click here to verify - Web View | Admin View 
[2019-09-04 14:00:02] Message: Updated charity ID: 83149,  Status: publish city: Toronto province: ON neighbourhood: Parkdale  Click here to verify - Web View | Admin View 
[2019-09-04 14:00:03] Message: Updated charity ID: 83353,  Status: publish city: Toronto province: ON neighbourhood: Parkdale  Click here to verify - Web View | Admin View 
[2019-09-04 14:00:04] Message: Updated charity ID: 83150,  Status: publish city: Toronto province: ON neighbourhood: Parkdale  Click here to verify - Web View | Admin View 
[2019-09-04 14:00:05] Message: Updated charity ID: 83151,  Status: publish city: Toronto province: ON neighbourhood: Parkdale  Click here to verify - Web View | Admin View 
[2019-09-04 14:00:05] Message: Updated charity ID: 83152,  Status: publish city: Toronto province: ON neighbourhood: Parkdale  Click here to verify - Web View | Admin View 
[2019-09-04 14:00:06] Message: Updated charity ID: 83153,  Status: publish city: Toronto province: ON neighbourhood: Parkdale  Click here to verify - Web View | Admin View 
[2019-09-04 14:00:07] Message: Updated charity ID: 83154,  Status: publish city: Toronto province: ON neighbourhood: Parkdale  Click here to verify - Web View | Admin View 
[2019-09-04 14:00:08] Message: Updated charity ID: 83155,  Status: publish city: Toronto province: ON neighbourhood: Parkdale  Click here to verify - Web View | Admin View 
[2019-09-04 14:00:09] Message: Updated charity ID: 83156,  Status: publish city: Toronto province: ON neighbourhood: Parkdale  Click here to verify - Web View | Admin View 
[2019-09-04 14:00:10] Message: Updated charity ID: 83157,  Status: publish city: Toronto province: ON neighbourhood: Parkdale  Click here to verify - Web View | Admin View 
[2019-09-04 14:00:11] Message: Updated charity ID: 83158,  Status: publish city: Toronto province: ON neighbourhood: Parkdale  Click here to verify - Web View | Admin View 
[2019-09-04 14:00:11] Message: Updated charity ID: 83159,  Status: publish city: Toronto province: ON neighbourhood: Parkdale  Click here to verify - Web View | Admin View 
[2019-09-04 14:00:12] Message: Updated charity ID: 83160,  Status: publish city: Toronto province: ON neighbourhood: Parkdale  Click here to verify - Web View | Admin View 
[2019-09-04 14:00:13] Message: Updated charity ID: 83161,  Status: publish city: Toronto province: ON neighbourhood: Parkdale  Click here to verify - Web View | Admin View 
[2019-09-04 14:00:14] Message: Updated charity ID: 83162,  Status: publish city: Toronto province: ON neighbourhood: Parkdale  Click here to verify - Web View | Admin View 
[2019-09-04 14:00:14] Message: Updated charity ID: 83163,  Status: publish city: Toronto province: ON neighbourhood: Parkdale  Click here to verify - Web View | Admin View 
[2019-09-04 14:00:15] Message: Updated charity ID: 83164,  Status: publish city: Toronto province: ON neighbourhood: Parkdale  Click here to verify - Web View | Admin View 
[2019-09-04 14:00:16] Message: Updated charity ID: 83165,  Status: publish city: Toronto province: ON neighbourhood: Parkdale  Click here to verify - Web View | Admin View 
[2019-09-04 14:00:17] Message: Updated charity ID: 83166,  Status: publish city: Toronto province: ON neighbourhood: Parkdale  Click here to verify - Web View | Admin View 
[2019-09-04 14:00:18] Message: Updated charity ID: 83167,  Status: publish city: Toronto province: ON neighbourhood: Parkdale  Click here to verify - Web View | Admin View 
[2019-09-04 14:00:19] Message: Updated charity ID: 83168,  Status: publish city: Toronto province: ON neighbourhood: Parkdale  Click here to verify - Web View | Admin View 
[2019-09-04 14:00:19] Message: Updated charity ID: 83169,  Status: publish city: Toronto province: ON neighbourhood: Parkdale  Click here to verify - Web View | Admin View 
[2019-09-04 14:00:20] Message: Updated charity ID: 83170,  Status: publish city: Toronto province: ON neighbourhood: Parkdale  Click here to verify - Web View | Admin View 
[2019-09-04 14:00:21] Message: Updated charity ID: 83171,  Status: publish city: Toronto province: ON neighbourhood: Parkdale  Click here to verify - Web View | Admin View 
[2019-09-04 14:00:22] Message: Updated charity ID: 83172,  Status: publish city: Toronto province: ON neighbourhood: Parkdale  Click here to verify - Web View | Admin View 
[2019-09-04 14:00:22] Message: Updated charity ID: 83173,  Status: publish city: Toronto province: ON neighbourhood: Parkdale  Click here to verify - Web View | Admin View 
[2019-09-04 14:00:23] Message: Updated charity ID: 83174,  Status: publish city: Toronto province: ON neighbourhood: Parkdale  Click here to verify - Web View | Admin View 
[2019-09-04 14:00:25] Message: Updated charity ID: 83175,  Status: publish city: Toronto province: ON neighbourhood: Parkdale  Click here to verify - Web View | Admin View 
[2019-09-04 14:00:25] Message: Updated charity ID: 82817,  Status: publish city: Toronto province: ON neighbourhood: Parkdale  Click here to verify - Web View | Admin View 
[2019-09-04 14:00:26] Message: Updated charity ID: 83176,  Status: publish city: Toronto province: ON neighbourhood: Parkdale  Click here to verify - Web View | Admin View 
[2019-09-04 14:00:27] Message: Updated charity ID: 83177,  Status: publish city: Toronto province: ON neighbourhood: Parkdale  Click here to verify - Web View | Admin View 
[2019-09-04 14:00:28] Message: Updated charity ID: 83178,  Status: publish city: Toronto province: ON neighbourhood: Parkdale  Click here to verify - Web View | Admin View 
[2019-09-04 14:00:29] Message: Updated charity ID: 83179,  Status: publish city: Toronto province: ON neighbourhood: Parkdale  Click here to verify - Web View | Admin View 
[2019-09-04 14:00:29] Message: Updated charity ID: 83180,  Status: publish city: Toronto province: ON neighbourhood: Parkdale  Click here to verify - Web View | Admin View 
[2019-09-04 14:00:30] Message: Updated charity ID: 83181,  Status: publish city: Toronto province: ON neighbourhood: Parkdale  Click here to verify - Web View | Admin View 
[2019-09-04 14:00:31] Message: Updated charity ID: 83182,  Status: publish city: Toronto province: ON neighbourhood: Parkdale  Click here to verify - Web View | Admin View 
[2019-09-04 14:00:32] Message: Updated charity ID: 83183,  Status: publish city: Toronto province: ON neighbourhood: Parkdale  Click here to verify - Web View | Admin View 
[2019-09-04 14:00:32] Message: Updated charity ID: 83184,  Status: publish city: Toronto province: ON neighbourhood: Parkdale  Click here to verify - Web View | Admin View 
[2019-09-04 14:00:33] Message: Updated charity ID: 83185,  Status: publish city: Toronto province: ON neighbourhood: Parkdale  Click here to verify - Web View | Admin View 
[2019-09-04 14:00:34] Message: Updated charity ID: 83186,  Status: publish city: Toronto province: ON neighbourhood: Parkdale  Click here to verify - Web View | Admin View 
[2019-09-04 14:00:35] Message: Updated charity ID: 83187,  Status: publish city: Toronto province: ON neighbourhood: Parkdale  Click here to verify - Web View | Admin View 
[2019-09-04 14:00:36] Message: Updated charity ID: 83188,  Status: publish city: Toronto province: ON neighbourhood: Parkdale  Click here to verify - Web View | Admin View 
[2019-09-04 14:00:36] Message: Updated charity ID: 83189,  Status: publish city: Toronto province: ON neighbourhood: Parkdale  Click here to verify - Web View | Admin View 
[2019-09-04 14:00:37] Message: Updated charity ID: 83190,  Status: publish city: Toronto province: ON neighbourhood: Parkdale  Click here to verify - Web View | Admin View 
[2019-09-04 14:00:38] Message: Updated charity ID: 83191,  Status: publish city: Toronto province: ON neighbourhood: Parkdale  Click here to verify - Web View | Admin View 
[2019-09-04 14:00:39] Message: Updated charity ID: 83192,  Status: publish city: Toronto province: ON neighbourhood: Parkdale  Click here to verify - Web View | Admin View 
[2019-09-04 14:00:40] Message: Updated charity ID: 83193,  Status: publish city: Toronto province: ON neighbourhood: Parkdale  Click here to verify - Web View | Admin View 
[2019-09-04 14:00:40] Message: Updated charity ID: 83194,  Status: publish city: Toronto province: ON neighbourhood: Parkdale  Click here to verify - Web View | Admin View 
[2019-09-04 14:00:41] Message: Updated charity ID: 83195,  Status: publish city: Toronto province: ON neighbourhood: Parkdale  Click here to verify - Web View | Admin View 
[2019-09-04 14:00:42] Message: Updated charity ID: 83196,  Status: publish city: Toronto province: ON neighbourhood: Parkdale  Click here to verify - Web View | Admin View 
[2019-09-04 14:00:43] Message: Updated charity ID: 83197,  Status: publish city: Toronto province: ON neighbourhood: Parkdale  Click here to verify - Web View | Admin View 
[2019-09-04 14:00:44] Message: Updated charity ID: 83198,  Status: publish city: Toronto province: ON neighbourhood: Parkdale  Click here to verify - Web View | Admin View 
[2019-09-04 14:00:45] Message: Updated charity ID: 83199,  Status: publish city: Toronto province: ON neighbourhood: Parkdale  Click here to verify - Web View | Admin View 
[2019-09-04 14:00:45] Message: Updated charity ID: 83200,  Status: publish city: Toronto province: ON neighbourhood: Parkdale  Click here to verify - Web View | Admin View 
[2019-09-04 14:00:46] Message: Updated charity ID: 83201,  Status: publish city: Toronto province: ON neighbourhood: Parkdale  Click here to verify - Web View | Admin View 
[2019-09-04 14:00:47] Message: Updated charity ID: 83202,  Status: publish city: Toronto province: ON neighbourhood: Parkdale  Click here to verify - Web View | Admin View 
[2019-09-04 14:00:48] Message: Updated charity ID: 83203,  Status: publish city: Toronto province: ON neighbourhood: Parkdale  Click here to verify - Web View | Admin View 
[2019-09-04 14:00:48] Message: Updated charity ID: 83204,  Status: publish city: Toronto province: ON neighbourhood: Parkdale  Click here to verify - Web View | Admin View 
[2019-09-04 14:00:49] Message: Updated charity ID: 83205,  Status: publish city: Toronto province: ON neighbourhood: Parkdale  Click here to verify - Web View | Admin View 
[2019-09-04 14:00:50] Message: Updated charity ID: 83206,  Status: publish city: Toronto province: ON neighbourhood: Parkdale  Click here to verify - Web View | Admin View 
[2019-09-04 14:00:51] Message: Updated charity ID: 83207,  Status: publish city: Toronto province: ON neighbourhood: Parkdale  Click here to verify - Web View | Admin View 
[2019-09-04 14:00:52] Message: Updated charity ID: 83208,  Status: publish city: Toronto province: ON neighbourhood: Rosedale  Click here to verify - Web View | Admin View 
[2019-09-04 14:00:52] Message: Updated charity ID: 83354,  Status: publish city: Toronto province: ON neighbourhood: High Park  Click here to verify - Web View | Admin View 
[2019-09-04 14:00:53] Message: Updated charity ID: 83355,  Status: publish city: Toronto province: ON neighbourhood: Dovercourt Village  Click here to verify - Web View | Admin View 
[2019-09-04 14:00:54] Message: Updated charity ID: 83356,  Status: publish city: Toronto province: ON neighbourhood: Little Portugal  Click here to verify - Web View | Admin View 
[2019-09-04 14:00:55] Message: Updated charity ID: 83357,  Status: publish city: Toronto province: ON neighbourhood: Little Portugal  Click here to verify - Web View | Admin View 
[2019-09-04 14:00:56] Message: Updated charity ID: 83358,  Status: publish city: Toronto province: ON neighbourhood: The Annex  Click here to verify - Web View | Admin View 
[2019-09-04 14:00:57] Message: Updated charity ID: 83359,  Status: publish city: Toronto province: ON neighbourhood: The Junction North  Click here to verify - Web View | Admin View 
[2019-09-04 14:00:57] Message: Updated charity ID: 83360,  Status: publish city: Toronto province: ON neighbourhood: Drop In Services  Click here to verify - Web View | Admin View 
[2019-09-04 14:00:58] Message: Updated charity ID: 83361,  Status: publish city: Toronto province: ON neighbourhood: Brockton  Click here to verify - Web View | Admin View 
[2019-09-04 14:00:59] Message: Updated charity ID: 83362,  Status: publish city: Toronto province: ON neighbourhood: Brockton  Click here to verify - Web View | Admin View 
[2019-09-04 14:01:00] Message: Updated charity ID: 83363,  Status: publish city: Toronto province: ON  Click here to verify - Web View | Admin View 
