 File has been used for this event: Canadian charities - toronto (M6R).csv
 Type of the imported file: csv
 Revision of the which is used: 2
 Mode of event: Insert
 Total no of records: 66
 Rows handled on each iterations (Based on your server configuration): 1
 File used to import data into: charity (CustomPosts)
[2019-09-02 14:06:13] Message: Duplicate found can not insert this 
[2019-09-02 14:06:15] Message: Inserted charity ID: 83146,  Status: publish  Click here to verify - Web View | Admin View 
[2019-09-02 14:06:16] Message: Inserted charity ID: 83147,  Status: publish  Click here to verify - Web View | Admin View 
[2019-09-02 14:06:18] Message: Inserted charity ID: 83148,  Status: publish  Click here to verify - Web View | Admin View 
[2019-09-02 14:06:19] Message: Inserted charity ID: 83149,  Status: publish  Click here to verify - Web View | Admin View 
[2019-09-02 14:06:20] Message: Duplicate found can not insert this 
[2019-09-02 14:06:21] Message: Inserted charity ID: 83150,  Status: publish  Click here to verify - Web View | Admin View 
[2019-09-02 14:06:22] Message: Inserted charity ID: 83151,  Status: publish  Click here to verify - Web View | Admin View 
[2019-09-02 14:06:24] Message: Inserted charity ID: 83152,  Status: publish  Click here to verify - Web View | Admin View 
[2019-09-02 14:06:25] Message: Inserted charity ID: 83153,  Status: publish  Click here to verify - Web View | Admin View 
[2019-09-02 14:06:27] Message: Inserted charity ID: 83154,  Status: publish  Click here to verify - Web View | Admin View 
[2019-09-02 14:06:28] Message: Inserted charity ID: 83155,  Status: publish  Click here to verify - Web View | Admin View 
[2019-09-02 14:06:29] Message: Inserted charity ID: 83156,  Status: publish  Click here to verify - Web View | Admin View 
[2019-09-02 14:06:31] Message: Inserted charity ID: 83157,  Status: publish  Click here to verify - Web View | Admin View 
[2019-09-02 14:06:32] Message: Inserted charity ID: 83158,  Status: publish  Click here to verify - Web View | Admin View 
[2019-09-02 14:06:34] Message: Inserted charity ID: 83159,  Status: publish  Click here to verify - Web View | Admin View 
[2019-09-02 14:06:35] Message: Inserted charity ID: 83160,  Status: publish  Click here to verify - Web View | Admin View 
[2019-09-02 14:06:37] Message: Inserted charity ID: 83161,  Status: publish  Click here to verify - Web View | Admin View 
[2019-09-02 14:06:38] Message: Inserted charity ID: 83162,  Status: publish  Click here to verify - Web View | Admin View 
[2019-09-02 14:06:40] Message: Inserted charity ID: 83163,  Status: publish  Click here to verify - Web View | Admin View 
[2019-09-02 14:06:41] Message: Inserted charity ID: 83164,  Status: publish  Click here to verify - Web View | Admin View 
[2019-09-02 14:06:42] Message: Inserted charity ID: 83165,  Status: publish  Click here to verify - Web View | Admin View 
[2019-09-02 14:06:44] Message: Inserted charity ID: 83166,  Status: publish  Click here to verify - Web View | Admin View 
[2019-09-02 14:06:45] Message: Inserted charity ID: 83167,  Status: publish  Click here to verify - Web View | Admin View 
[2019-09-02 14:06:46] Message: Inserted charity ID: 83168,  Status: publish  Click here to verify - Web View | Admin View 
[2019-09-02 14:06:49] Message: Inserted charity ID: 83169,  Status: publish  Click here to verify - Web View | Admin View 
[2019-09-02 14:06:50] Message: Inserted charity ID: 83170,  Status: publish  Click here to verify - Web View | Admin View 
[2019-09-02 14:06:52] Message: Inserted charity ID: 83171,  Status: publish  Click here to verify - Web View | Admin View 
[2019-09-02 14:06:53] Message: Inserted charity ID: 83172,  Status: publish  Click here to verify - Web View | Admin View 
[2019-09-02 14:06:54] Message: Inserted charity ID: 83173,  Status: publish  Click here to verify - Web View | Admin View 
[2019-09-02 14:06:56] Message: Inserted charity ID: 83174,  Status: publish  Click here to verify - Web View | Admin View 
[2019-09-02 14:06:57] Message: Inserted charity ID: 83175,  Status: publish  Click here to verify - Web View | Admin View 
[2019-09-02 14:06:58] Message: Duplicate found can not insert this 
[2019-09-02 14:07:00] Message: Inserted charity ID: 83176,  Status: publish  Click here to verify - Web View | Admin View 
[2019-09-02 14:07:01] Message: Inserted charity ID: 83177,  Status: publish  Click here to verify - Web View | Admin View 
[2019-09-02 14:07:03] Message: Inserted charity ID: 83178,  Status: publish  Click here to verify - Web View | Admin View 
[2019-09-02 14:07:04] Message: Inserted charity ID: 83179,  Status: publish  Click here to verify - Web View | Admin View 
[2019-09-02 14:07:06] Message: Inserted charity ID: 83180,  Status: publish  Click here to verify - Web View | Admin View 
[2019-09-02 14:07:07] Message: Inserted charity ID: 83181,  Status: publish  Click here to verify - Web View | Admin View 
[2019-09-02 14:07:09] Message: Inserted charity ID: 83182,  Status: publish  Click here to verify - Web View | Admin View 
[2019-09-02 14:07:10] Message: Inserted charity ID: 83183,  Status: publish  Click here to verify - Web View | Admin View 
[2019-09-02 14:07:12] Message: Inserted charity ID: 83184,  Status: publish  Click here to verify - Web View | Admin View 
[2019-09-02 14:07:13] Message: Inserted charity ID: 83185,  Status: publish  Click here to verify - Web View | Admin View 
[2019-09-02 14:07:14] Message: Inserted charity ID: 83186,  Status: publish  Click here to verify - Web View | Admin View 
[2019-09-02 14:07:16] Message: Inserted charity ID: 83187,  Status: publish  Click here to verify - Web View | Admin View 
[2019-09-02 14:07:17] Message: Inserted charity ID: 83188,  Status: publish  Click here to verify - Web View | Admin View 
[2019-09-02 14:07:19] Message: Inserted charity ID: 83189,  Status: publish  Click here to verify - Web View | Admin View 
[2019-09-02 14:07:20] Message: Inserted charity ID: 83190,  Status: publish  Click here to verify - Web View | Admin View 
[2019-09-02 14:07:22] Message: Inserted charity ID: 83191,  Status: publish  Click here to verify - Web View | Admin View 
[2019-09-02 14:07:23] Message: Inserted charity ID: 83192,  Status: publish  Click here to verify - Web View | Admin View 
[2019-09-02 14:07:25] Message: Inserted charity ID: 83193,  Status: publish  Click here to verify - Web View | Admin View 
[2019-09-02 14:07:26] Message: Inserted charity ID: 83194,  Status: publish  Click here to verify - Web View | Admin View 
[2019-09-02 14:07:28] Message: Inserted charity ID: 83195,  Status: publish  Click here to verify - Web View | Admin View 
[2019-09-02 14:07:29] Message: Inserted charity ID: 83196,  Status: publish  Click here to verify - Web View | Admin View 
[2019-09-02 14:07:31] Message: Inserted charity ID: 83197,  Status: publish  Click here to verify - Web View | Admin View 
[2019-09-02 14:07:32] Message: Inserted charity ID: 83198,  Status: publish  Click here to verify - Web View | Admin View 
[2019-09-02 14:07:34] Message: Inserted charity ID: 83199,  Status: publish  Click here to verify - Web View | Admin View 
[2019-09-02 14:07:35] Message: Inserted charity ID: 83200,  Status: publish  Click here to verify - Web View | Admin View 
[2019-09-02 14:07:37] Message: Inserted charity ID: 83201,  Status: publish  Click here to verify - Web View | Admin View 
[2019-09-02 14:07:38] Message: Inserted charity ID: 83202,  Status: publish  Click here to verify - Web View | Admin View 
[2019-09-02 14:07:40] Message: Inserted charity ID: 83203,  Status: publish  Click here to verify - Web View | Admin View 
[2019-09-02 14:07:41] Message: Inserted charity ID: 83204,  Status: publish  Click here to verify - Web View | Admin View 
[2019-09-02 14:07:43] Message: Inserted charity ID: 83205,  Status: publish  Click here to verify - Web View | Admin View 
[2019-09-02 14:07:44] Message: Inserted charity ID: 83206,  Status: publish  Click here to verify - Web View | Admin View 
[2019-09-02 14:07:46] Message: Inserted charity ID: 83207,  Status: publish  Click here to verify - Web View | Admin View 
[2019-09-02 14:07:47] Message: Inserted charity ID: 83208,  Status: publish  Click here to verify - Web View | Admin View 
