[2019-11-20 20:55:19]: [CSVParser][INFO] - get_CSVheaders function called
[2019-11-20 20:55:19]: [CSVParser][INFO] - _getCSVHeaderData function called
[2019-11-20 20:55:19]: [CSVParser][INFO] - _parseCSV function called
[2019-11-20 20:55:19]: [CSVParser][INFO] - getDelimiter function called
[2019-11-20 20:55:19]: [CSVParser][INFO] - _autoDetectDelimiter function called
[2019-11-20 20:55:19]: [CSVParser][INFO] - _parseCSV function called
[2019-11-20 20:55:19]: [CSVParser][INFO] - getDelimiter function called
[2019-11-20 20:55:19]: [CSVParser][INFO] - _autoDetectDelimiter function called
[2019-11-20 20:55:19]: [CSVParser][INFO] - get_CSVheaders function called
[2019-11-20 20:55:19]: [CSVParser][INFO] - _getCSVHeaderData function called
[2019-11-20 20:55:19]: [CSVParser][INFO] - _parseCSV function called
[2019-11-20 20:55:19]: [CSVParser][INFO] - getDelimiter function called
[2019-11-20 20:55:19]: [CSVParser][INFO] - _autoDetectDelimiter function called
[2019-11-20 20:55:34]: [CSVParser][INFO] - get_CSVheaders function called
[2019-11-20 20:55:34]: [CSVParser][INFO] - _getCSVHeaderData function called
[2019-11-20 20:55:34]: [CSVParser][INFO] - _parseCSV function called
[2019-11-20 20:55:34]: [CSVParser][INFO] - getDelimiter function called
[2019-11-20 20:55:34]: [CSVParser][INFO] - _autoDetectDelimiter function called
[2019-11-20 20:55:34]: [CSVParser][INFO] - _parseCSV function called
[2019-11-20 20:55:34]: [CSVParser][INFO] - getDelimiter function called
[2019-11-20 20:55:34]: [CSVParser][INFO] - _autoDetectDelimiter function called
[2019-11-20 20:55:34]: [CSVParser][INFO] - get_CSVheaders function called
[2019-11-20 20:55:34]: [CSVParser][INFO] - _getCSVHeaderData function called
[2019-11-20 20:55:34]: [CSVParser][INFO] - _parseCSV function called
[2019-11-20 20:55:34]: [CSVParser][INFO] - getDelimiter function called
[2019-11-20 20:55:34]: [CSVParser][INFO] - _autoDetectDelimiter function called
[2019-11-20 20:58:07]: [CSVParser][INFO] - get_CSVheaders function called
[2019-11-20 20:58:07]: [CSVParser][INFO] - _getCSVHeaderData function called
[2019-11-20 20:58:07]: [CSVParser][INFO] - _parseCSV function called
[2019-11-20 20:58:07]: [CSVParser][INFO] - getDelimiter function called
[2019-11-20 20:58:07]: [CSVParser][INFO] - _autoDetectDelimiter function called
[2019-11-20 20:58:07]: [CSVParser][INFO] - _parseCSV function called
[2019-11-20 20:58:07]: [CSVParser][INFO] - getDelimiter function called
[2019-11-20 20:58:07]: [CSVParser][INFO] - _autoDetectDelimiter function called
[2019-11-20 20:58:07]: [CSVParser][INFO] - get_CSVheaders function called
[2019-11-20 20:58:07]: [CSVParser][INFO] - _getCSVHeaderData function called
[2019-11-20 20:58:07]: [CSVParser][INFO] - _parseCSV function called
[2019-11-20 20:58:07]: [CSVParser][INFO] - getDelimiter function called
[2019-11-20 20:58:07]: [CSVParser][INFO] - _autoDetectDelimiter function called
[2019-11-20 20:58:07]: [CSVParser][INFO] - get_CSVheaders function called
[2019-11-20 20:58:07]: [CSVParser][INFO] - _getCSVHeaderData function called
[2019-11-20 20:58:07]: [CSVParser][INFO] - _parseCSV function called
[2019-11-20 20:58:07]: [CSVParser][INFO] - getDelimiter function called
[2019-11-20 20:58:07]: [CSVParser][INFO] - _autoDetectDelimiter function called
[2019-11-20 20:58:07]: [CSVParser][INFO] - _parseCSV function called
[2019-11-20 20:58:07]: [CSVParser][INFO] - getDelimiter function called
[2019-11-20 20:58:07]: [CSVParser][INFO] - _autoDetectDelimiter function called
[2019-11-20 20:58:07]: [CSVParser][INFO] - get_CSVheaders function called
[2019-11-20 20:58:07]: [CSVParser][INFO] - _getCSVHeaderData function called
[2019-11-20 20:58:07]: [CSVParser][INFO] - _parseCSV function called
[2019-11-20 20:58:07]: [CSVParser][INFO] - getDelimiter function called
[2019-11-20 20:58:07]: [CSVParser][INFO] - _autoDetectDelimiter function called
[2019-11-20 20:58:07]: [CSVParser][INFO] - get_CSVheaders function called
[2019-11-20 20:58:07]: [CSVParser][INFO] - _getCSVHeaderData function called
[2019-11-20 20:58:07]: [CSVParser][INFO] - _parseCSV function called
[2019-11-20 20:58:07]: [CSVParser][INFO] - getDelimiter function called
[2019-11-20 20:58:07]: [CSVParser][INFO] - _autoDetectDelimiter function called
[2019-11-20 20:58:07]: [CSVParser][INFO] - _parseCSV function called
[2019-11-20 20:58:07]: [CSVParser][INFO] - getDelimiter function called
[2019-11-20 20:58:07]: [CSVParser][INFO] - _autoDetectDelimiter function called
[2019-11-20 20:58:07]: [CSVParser][INFO] - get_CSVheaders function called
[2019-11-20 20:58:07]: [CSVParser][INFO] - _getCSVHeaderData function called
[2019-11-20 20:58:07]: [CSVParser][INFO] - _parseCSV function called
[2019-11-20 20:58:07]: [CSVParser][INFO] - getDelimiter function called
[2019-11-20 20:58:07]: [CSVParser][INFO] - _autoDetectDelimiter function called
[2019-11-20 20:58:07]: [CSVParser][INFO] - get_CSVheaders function called
[2019-11-20 20:58:07]: [CSVParser][INFO] - _getCSVHeaderData function called
[2019-11-20 20:58:07]: [CSVParser][INFO] - _parseCSV function called
[2019-11-20 20:58:07]: [CSVParser][INFO] - getDelimiter function called
[2019-11-20 20:58:07]: [CSVParser][INFO] - _autoDetectDelimiter function called
[2019-11-20 20:58:07]: [CSVParser][INFO] - _parseCSV function called
[2019-11-20 20:58:07]: [CSVParser][INFO] - getDelimiter function called
[2019-11-20 20:58:07]: [CSVParser][INFO] - _autoDetectDelimiter function called
[2019-11-20 20:58:07]: [CSVParser][INFO] - get_CSVheaders function called
[2019-11-20 20:58:07]: [CSVParser][INFO] - _getCSVHeaderData function called
[2019-11-20 20:58:07]: [CSVParser][INFO] - _parseCSV function called
[2019-11-20 20:58:07]: [CSVParser][INFO] - getDelimiter function called
[2019-11-20 20:58:07]: [CSVParser][INFO] - _autoDetectDelimiter function called
[2019-11-20 20:58:07]: [CSVParser][INFO] - get_CSVheaders function called
[2019-11-20 20:58:07]: [CSVParser][INFO] - _getCSVHeaderData function called
[2019-11-20 20:58:07]: [CSVParser][INFO] - _parseCSV function called
[2019-11-20 20:58:07]: [CSVParser][INFO] - getDelimiter function called
[2019-11-20 20:58:07]: [CSVParser][INFO] - _autoDetectDelimiter function called
[2019-11-20 20:58:07]: [CSVParser][INFO] - _parseCSV function called
[2019-11-20 20:58:07]: [CSVParser][INFO] - getDelimiter function called
[2019-11-20 20:58:07]: [CSVParser][INFO] - _autoDetectDelimiter function called
[2019-11-20 20:58:07]: [CSVParser][INFO] - get_CSVheaders function called
[2019-11-20 20:58:07]: [CSVParser][INFO] - _getCSVHeaderData function called
[2019-11-20 20:58:07]: [CSVParser][INFO] - _parseCSV function called
[2019-11-20 20:58:07]: [CSVParser][INFO] - getDelimiter function called
[2019-11-20 20:58:07]: [CSVParser][INFO] - _autoDetectDelimiter function called
[2019-11-20 20:58:17]: [CSVParser][INFO] - get_CSVheaders function called
[2019-11-20 20:58:17]: [CSVParser][INFO] - _getCSVHeaderData function called
[2019-11-20 20:58:17]: [CSVParser][INFO] - _parseCSV function called
[2019-11-20 20:58:17]: [CSVParser][INFO] - getDelimiter function called
[2019-11-20 20:58:17]: [CSVParser][INFO] - _autoDetectDelimiter function called
[2019-11-20 20:58:17]: [CSVParser][INFO] - _parseCSV function called
[2019-11-20 20:58:17]: [CSVParser][INFO] - getDelimiter function called
[2019-11-20 20:58:17]: [CSVParser][INFO] - _autoDetectDelimiter function called
[2019-11-20 20:58:29]: [CSVParser][INFO] - get_CSVheaders function called
[2019-11-20 20:58:29]: [CSVParser][INFO] - _getCSVHeaderData function called
[2019-11-20 20:58:29]: [CSVParser][INFO] - _parseCSV function called
[2019-11-20 20:58:29]: [CSVParser][INFO] - getDelimiter function called
[2019-11-20 20:58:29]: [CSVParser][INFO] - _autoDetectDelimiter function called
[2019-11-20 20:58:29]: [CSVParser][INFO] - _parseCSV function called
[2019-11-20 20:58:29]: [CSVParser][INFO] - getDelimiter function called
[2019-11-20 20:58:29]: [CSVParser][INFO] - _autoDetectDelimiter function called
[2019-11-20 20:58:31]: [CSVParser][INFO] - get_CSVheaders function called
[2019-11-20 20:58:31]: [CSVParser][INFO] - _getCSVHeaderData function called
[2019-11-20 20:58:31]: [CSVParser][INFO] - _parseCSV function called
[2019-11-20 20:58:31]: [CSVParser][INFO] - getDelimiter function called
[2019-11-20 20:58:31]: [CSVParser][INFO] - _autoDetectDelimiter function called
[2019-11-20 20:58:31]: [CSVParser][INFO] - _parseCSV function called
[2019-11-20 20:58:31]: [CSVParser][INFO] - getDelimiter function called
[2019-11-20 20:58:31]: [CSVParser][INFO] - _autoDetectDelimiter function called
[2019-11-20 20:58:33]: [CSVParser][INFO] - get_CSVheaders function called
[2019-11-20 20:58:33]: [CSVParser][INFO] - _getCSVHeaderData function called
[2019-11-20 20:58:33]: [CSVParser][INFO] - _parseCSV function called
[2019-11-20 20:58:33]: [CSVParser][INFO] - getDelimiter function called
[2019-11-20 20:58:33]: [CSVParser][INFO] - _autoDetectDelimiter function called
[2019-11-20 20:58:33]: [CSVParser][INFO] - _parseCSV function called
[2019-11-20 20:58:33]: [CSVParser][INFO] - getDelimiter function called
[2019-11-20 20:58:33]: [CSVParser][INFO] - _autoDetectDelimiter function called
[2019-11-20 20:58:35]: [CSVParser][INFO] - get_CSVheaders function called
[2019-11-20 20:58:35]: [CSVParser][INFO] - _getCSVHeaderData function called
[2019-11-20 20:58:35]: [CSVParser][INFO] - _parseCSV function called
[2019-11-20 20:58:35]: [CSVParser][INFO] - getDelimiter function called
[2019-11-20 20:58:35]: [CSVParser][INFO] - _autoDetectDelimiter function called
[2019-11-20 20:58:35]: [CSVParser][INFO] - _parseCSV function called
[2019-11-20 20:58:35]: [CSVParser][INFO] - getDelimiter function called
[2019-11-20 20:58:35]: [CSVParser][INFO] - _autoDetectDelimiter function called
[2019-11-21 01:56:34]: [CSVParser][INFO] - get_CSVheaders function called
[2019-11-21 01:56:34]: [CSVParser][INFO] - _getCSVHeaderData function called
[2019-11-21 01:56:34]: [CSVParser][INFO] - _parseCSV function called
[2019-11-21 01:56:34]: [CSVParser][INFO] - getDelimiter function called
[2019-11-21 01:56:34]: [CSVParser][INFO] - _autoDetectDelimiter function called
[2019-11-21 01:56:34]: [CSVParser][INFO] - _parseCSV function called
[2019-11-21 01:56:34]: [CSVParser][INFO] - getDelimiter function called
[2019-11-21 01:56:34]: [CSVParser][INFO] - _autoDetectDelimiter function called
[2019-11-21 01:56:38]: [CSVParser][INFO] - get_CSVheaders function called
[2019-11-21 01:56:38]: [CSVParser][INFO] - _getCSVHeaderData function called
[2019-11-21 01:56:38]: [CSVParser][INFO] - _parseCSV function called
[2019-11-21 01:56:38]: [CSVParser][INFO] - getDelimiter function called
[2019-11-21 01:56:38]: [CSVParser][INFO] - _autoDetectDelimiter function called
[2019-11-21 01:56:38]: [CSVParser][INFO] - _parseCSV function called
[2019-11-21 01:56:38]: [CSVParser][INFO] - getDelimiter function called
[2019-11-21 01:56:38]: [CSVParser][INFO] - _autoDetectDelimiter function called
[2019-11-21 01:56:40]: [CSVParser][INFO] - get_CSVheaders function called
[2019-11-21 01:56:40]: [CSVParser][INFO] - _getCSVHeaderData function called
[2019-11-21 01:56:40]: [CSVParser][INFO] - _parseCSV function called
[2019-11-21 01:56:40]: [CSVParser][INFO] - getDelimiter function called
[2019-11-21 01:56:40]: [CSVParser][INFO] - _autoDetectDelimiter function called
[2019-11-21 01:56:40]: [CSVParser][INFO] - _parseCSV function called
[2019-11-21 01:56:40]: [CSVParser][INFO] - getDelimiter function called
[2019-11-21 01:56:40]: [CSVParser][INFO] - _autoDetectDelimiter function called
[2019-11-21 01:56:42]: [CSVParser][INFO] - get_CSVheaders function called
[2019-11-21 01:56:42]: [CSVParser][INFO] - _getCSVHeaderData function called
[2019-11-21 01:56:42]: [CSVParser][INFO] - _parseCSV function called
[2019-11-21 01:56:42]: [CSVParser][INFO] - getDelimiter function called
[2019-11-21 01:56:42]: [CSVParser][INFO] - _autoDetectDelimiter function called
[2019-11-21 01:56:42]: [CSVParser][INFO] - _parseCSV function called
[2019-11-21 01:56:42]: [CSVParser][INFO] - getDelimiter function called
[2019-11-21 01:56:42]: [CSVParser][INFO] - _autoDetectDelimiter function called
